
=== 爬取状态概览 ===
总学科数: 62
已完成: 3
失败项目数: 0
最后更新: 2025-08-05T09:44:48.837642

各学科状态:
  计算机: failed (462 项目)
  金融: failed (203 项目)
  房地产: completed (36 项目)
  数学: completed (253 项目)
  机械工程: failed (132 项目)
  工商管理: failed (104 项目)
  其他工科: completed (73 项目)
  材料: running (94 项目)
  土木工程: failed (132 项目)
  化工: failed (69 项目)
  商业分析: failed (79 项目)
  市场营销: failed (106 项目)
  物理: failed (135 项目)
  交通运输: failed (46 项目)
  医学: failed (425 项目)
  地球科学: failed (136 项目)
  生物工程: failed (126 项目)
  金工金数: failed (114 项目)
  数据科学: failed (212 项目)
  创业与创新: failed (73 项目)
  环境工程: failed (227 项目)
  航空工程: failed (31 项目)
  科学传播: failed (12 项目)
  管理: failed (215 项目)
  药学: failed (66 项目)
  电气电子: failed (228 项目)
  化学: failed (82 项目)
  经济: failed (232 项目)
  公共卫生: failed (177 项目)
  生物: failed (320 项目)
  能源: failed (71 项目)
  教育: failed (398 项目)
  公共政策与事务: failed (215 项目)
  法律: failed (407 项目)
  新闻: failed (33 项目)
  文化: failed (279 项目)
  工程管理: failed (135 项目)
  历史: failed (256 项目)
  国际关系: failed (346 项目)
  语言: failed (232 项目)
  艺术: failed (167 项目)
  影视: failed (61 项目)
  社会学与社工: failed (253 项目)
  媒介与社会: failed (14 项目)
  其他社科: failed (290 项目)
  哲学: failed (63 项目)
  建筑: failed (258 项目)
  工业工程: failed (41 项目)
  心理学: failed (236 项目)
  食品科学: failed (61 项目)
  人力资源管理: failed (51 项目)
  媒体与传播: failed (83 项目)
  供应链管理: failed (46 项目)
  会计: failed (95 项目)
  新媒体: failed (19 项目)
  信息系统: failed (92 项目)
  体育: failed (19 项目)
  策略传播: failed (35 项目)
  其他商科: failed (25 项目)
  媒体产业: running (13 项目)
  旅游酒店管理: pending (21 项目)
  海洋技术: pending (12 项目)
