2025-08-05 03:59:57,581 [global] 开始分批爬取，共 62 个学科
2025-08-05 03:59:57,581 [global] 开始爬取学科: 计算机 (462 个项目)
2025-08-05 03:59:57,592 [global] 执行命令: /home/jingyang22/.conda/envs/gp/bin/python /net/scratch/jingyang/GradPilot_DataBase/Crawl/run_crawler.py --csv-file /net/scratch/jingyang/GradPilot_DataBase/Crawl/temp_计算机.csv
2025-08-05 04:59:59,750 [global] 开始爬取学科: 金融 (203 个项目)
2025-08-05 04:59:59,760 [global] 执行命令: /home/jingyang22/.conda/envs/gp/bin/python /net/scratch/jingyang/GradPilot_DataBase/Crawl/run_crawler.py --csv-file /net/scratch/jingyang/GradPilot_DataBase/Crawl/temp_金融.csv
2025-08-05 06:00:01,953 [global] 开始爬取学科: 房地产 (36 个项目)
2025-08-05 06:00:01,957 [global] 执行命令: /home/jingyang22/.conda/envs/gp/bin/python /net/scratch/jingyang/GradPilot_DataBase/Crawl/run_crawler.py --csv-file /net/scratch/jingyang/GradPilot_DataBase/Crawl/temp_房地产.csv
2025-08-05 06:32:42,623 [global] 学科 房地产 爬取完成
2025-08-05 06:32:44,683 [global] 开始爬取学科: 数学 (253 个项目)
2025-08-05 06:32:44,692 [global] 执行命令: /home/jingyang22/.conda/envs/gp/bin/python /net/scratch/jingyang/GradPilot_DataBase/Crawl/run_crawler.py --csv-file /net/scratch/jingyang/GradPilot_DataBase/Crawl/temp_数学.csv
2025-08-05 07:17:10,851 [global] 学科 数学 爬取完成
2025-08-05 07:17:12,875 [global] 开始爬取学科: 机械工程 (132 个项目)
2025-08-05 07:17:12,883 [global] 执行命令: /home/jingyang22/.conda/envs/gp/bin/python /net/scratch/jingyang/GradPilot_DataBase/Crawl/run_crawler.py --csv-file /net/scratch/jingyang/GradPilot_DataBase/Crawl/temp_机械工程.csv
2025-08-05 08:17:15,132 [global] 开始爬取学科: 工商管理 (104 个项目)
2025-08-05 08:17:15,139 [global] 执行命令: /home/jingyang22/.conda/envs/gp/bin/python /net/scratch/jingyang/GradPilot_DataBase/Crawl/run_crawler.py --csv-file /net/scratch/jingyang/GradPilot_DataBase/Crawl/temp_工商管理.csv
2025-08-05 09:17:17,349 [global] 开始爬取学科: 其他工科 (73 个项目)
2025-08-05 09:17:17,356 [global] 执行命令: /home/jingyang22/.conda/envs/gp/bin/python /net/scratch/jingyang/GradPilot_DataBase/Crawl/run_crawler.py --csv-file /net/scratch/jingyang/GradPilot_DataBase/Crawl/temp_其他工科.csv
2025-08-05 09:44:46,833 [global] 学科 其他工科 爬取完成
2025-08-05 09:44:48,837 [global] 开始爬取学科: 材料 (94 个项目)
2025-08-05 09:44:48,845 [global] 执行命令: /home/jingyang22/.conda/envs/gp/bin/python /net/scratch/jingyang/GradPilot_DataBase/Crawl/run_crawler.py --csv-file /net/scratch/jingyang/GradPilot_DataBase/Crawl/temp_材料.csv
2025-08-05 10:29:19,582 [global] 学科 材料 爬取完成
2025-08-05 10:29:21,599 [global] 开始爬取学科: 土木工程 (132 个项目)
2025-08-05 10:29:21,608 [global] 执行命令: /home/jingyang22/.conda/envs/gp/bin/python /net/scratch/jingyang/GradPilot_DataBase/Crawl/run_crawler.py --csv-file /net/scratch/jingyang/GradPilot_DataBase/Crawl/temp_土木工程.csv
2025-08-05 11:28:40,724 [global] 学科 土木工程 爬取完成
2025-08-05 11:28:42,741 [global] 开始爬取学科: 化工 (69 个项目)
2025-08-05 11:28:42,749 [global] 执行命令: /home/jingyang22/.conda/envs/gp/bin/python /net/scratch/jingyang/GradPilot_DataBase/Crawl/run_crawler.py --csv-file /net/scratch/jingyang/GradPilot_DataBase/Crawl/temp_化工.csv
2025-08-05 11:55:24,570 [global] 学科 化工 爬取完成
2025-08-05 11:55:26,574 [global] 开始爬取学科: 商业分析 (79 个项目)
2025-08-05 11:55:26,581 [global] 执行命令: /home/jingyang22/.conda/envs/gp/bin/python /net/scratch/jingyang/GradPilot_DataBase/Crawl/run_crawler.py --csv-file /net/scratch/jingyang/GradPilot_DataBase/Crawl/temp_商业分析.csv
2025-08-05 12:54:12,092 [global] 学科 商业分析 爬取完成
2025-08-05 12:54:14,095 [global] 开始爬取学科: 市场营销 (106 个项目)
2025-08-05 12:54:14,104 [global] 执行命令: /home/jingyang22/.conda/envs/gp/bin/python /net/scratch/jingyang/GradPilot_DataBase/Crawl/run_crawler.py --csv-file /net/scratch/jingyang/GradPilot_DataBase/Crawl/temp_市场营销.csv
2025-08-05 13:54:16,512 [global] 开始爬取学科: 物理 (135 个项目)
2025-08-05 13:54:16,519 [global] 执行命令: /home/jingyang22/.conda/envs/gp/bin/python /net/scratch/jingyang/GradPilot_DataBase/Crawl/run_crawler.py --csv-file /net/scratch/jingyang/GradPilot_DataBase/Crawl/temp_物理.csv
slurmstepd-h002: error: *** JOB 484037 ON h002 CANCELLED AT 2025-08-05T14:00:24 DUE TO TIME LIMIT ***
