2025-08-05 03:57:27,560 [ERROR] 学科 计算机 爬取失败，返回码: 2
2025-08-05 03:57:27,561 [ERROR] 错误输出: /home/jingyang22/.conda/envs/gp/bin/python: can't open file '/net/scratch/jingyang/GradPilot_DataBase/Crawl/run_crawler.py': [Errno 2] No such file or directory

2025-08-05 03:57:29,616 [ERROR] 学科 金融 爬取失败，返回码: 2
2025-08-05 03:57:29,616 [ERROR] 错误输出: /home/jingyang22/.conda/envs/gp/bin/python: can't open file '/net/scratch/jingyang/GradPilot_DataBase/Crawl/run_crawler.py': [Errno 2] No such file or directory

2025-08-05 03:57:31,671 [ERROR] 学科 房地产 爬取失败，返回码: 2
2025-08-05 03:57:31,671 [ERROR] 错误输出: /home/jingyang22/.conda/envs/gp/bin/python: can't open file '/net/scratch/jingyang/GradPilot_DataBase/Crawl/run_crawler.py': [Errno 2] No such file or directory

2025-08-05 03:57:33,728 [ERROR] 学科 数学 爬取失败，返回码: 2
2025-08-05 03:57:33,728 [ERROR] 错误输出: /home/jingyang22/.conda/envs/gp/bin/python: can't open file '/net/scratch/jingyang/GradPilot_DataBase/Crawl/run_crawler.py': [Errno 2] No such file or directory

2025-08-05 03:57:35,782 [ERROR] 学科 机械工程 爬取失败，返回码: 2
2025-08-05 03:57:35,782 [ERROR] 错误输出: /home/jingyang22/.conda/envs/gp/bin/python: can't open file '/net/scratch/jingyang/GradPilot_DataBase/Crawl/run_crawler.py': [Errno 2] No such file or directory

2025-08-05 03:57:37,848 [ERROR] 学科 工商管理 爬取失败，返回码: 2
2025-08-05 03:57:37,848 [ERROR] 错误输出: /home/jingyang22/.conda/envs/gp/bin/python: can't open file '/net/scratch/jingyang/GradPilot_DataBase/Crawl/run_crawler.py': [Errno 2] No such file or directory

2025-08-05 03:57:39,902 [ERROR] 学科 其他工科 爬取失败，返回码: 2
2025-08-05 03:57:39,902 [ERROR] 错误输出: /home/jingyang22/.conda/envs/gp/bin/python: can't open file '/net/scratch/jingyang/GradPilot_DataBase/Crawl/run_crawler.py': [Errno 2] No such file or directory

2025-08-05 03:57:41,957 [ERROR] 学科 材料 爬取失败，返回码: 2
2025-08-05 03:57:41,957 [ERROR] 错误输出: /home/jingyang22/.conda/envs/gp/bin/python: can't open file '/net/scratch/jingyang/GradPilot_DataBase/Crawl/run_crawler.py': [Errno 2] No such file or directory

2025-08-05 03:57:44,012 [ERROR] 学科 土木工程 爬取失败，返回码: 2
2025-08-05 03:57:44,013 [ERROR] 错误输出: /home/jingyang22/.conda/envs/gp/bin/python: can't open file '/net/scratch/jingyang/GradPilot_DataBase/Crawl/run_crawler.py': [Errno 2] No such file or directory

2025-08-05 03:57:46,067 [ERROR] 学科 化工 爬取失败，返回码: 2
2025-08-05 03:57:46,067 [ERROR] 错误输出: /home/jingyang22/.conda/envs/gp/bin/python: can't open file '/net/scratch/jingyang/GradPilot_DataBase/Crawl/run_crawler.py': [Errno 2] No such file or directory

2025-08-05 03:57:48,121 [ERROR] 学科 商业分析 爬取失败，返回码: 2
2025-08-05 03:57:48,121 [ERROR] 错误输出: /home/jingyang22/.conda/envs/gp/bin/python: can't open file '/net/scratch/jingyang/GradPilot_DataBase/Crawl/run_crawler.py': [Errno 2] No such file or directory

2025-08-05 03:57:50,189 [ERROR] 学科 市场营销 爬取失败，返回码: 2
2025-08-05 03:57:50,189 [ERROR] 错误输出: /home/jingyang22/.conda/envs/gp/bin/python: can't open file '/net/scratch/jingyang/GradPilot_DataBase/Crawl/run_crawler.py': [Errno 2] No such file or directory

2025-08-05 03:57:52,230 [ERROR] 学科 物理 爬取失败，返回码: 2
2025-08-05 03:57:52,230 [ERROR] 错误输出: /home/jingyang22/.conda/envs/gp/bin/python: can't open file '/net/scratch/jingyang/GradPilot_DataBase/Crawl/run_crawler.py': [Errno 2] No such file or directory

2025-08-05 03:57:54,273 [ERROR] 学科 交通运输 爬取失败，返回码: 2
2025-08-05 03:57:54,273 [ERROR] 错误输出: /home/jingyang22/.conda/envs/gp/bin/python: can't open file '/net/scratch/jingyang/GradPilot_DataBase/Crawl/run_crawler.py': [Errno 2] No such file or directory

2025-08-05 03:57:56,333 [ERROR] 学科 医学 爬取失败，返回码: 2
2025-08-05 03:57:56,333 [ERROR] 错误输出: /home/jingyang22/.conda/envs/gp/bin/python: can't open file '/net/scratch/jingyang/GradPilot_DataBase/Crawl/run_crawler.py': [Errno 2] No such file or directory

2025-08-05 03:57:58,389 [ERROR] 学科 地球科学 爬取失败，返回码: 2
2025-08-05 03:57:58,389 [ERROR] 错误输出: /home/jingyang22/.conda/envs/gp/bin/python: can't open file '/net/scratch/jingyang/GradPilot_DataBase/Crawl/run_crawler.py': [Errno 2] No such file or directory

2025-08-05 03:58:00,443 [ERROR] 学科 生物工程 爬取失败，返回码: 2
2025-08-05 03:58:00,443 [ERROR] 错误输出: /home/jingyang22/.conda/envs/gp/bin/python: can't open file '/net/scratch/jingyang/GradPilot_DataBase/Crawl/run_crawler.py': [Errno 2] No such file or directory

2025-08-05 03:58:02,497 [ERROR] 学科 金工金数 爬取失败，返回码: 2
2025-08-05 03:58:02,497 [ERROR] 错误输出: /home/jingyang22/.conda/envs/gp/bin/python: can't open file '/net/scratch/jingyang/GradPilot_DataBase/Crawl/run_crawler.py': [Errno 2] No such file or directory

2025-08-05 03:58:04,548 [ERROR] 学科 数据科学 爬取失败，返回码: 2
2025-08-05 03:58:04,549 [ERROR] 错误输出: /home/jingyang22/.conda/envs/gp/bin/python: can't open file '/net/scratch/jingyang/GradPilot_DataBase/Crawl/run_crawler.py': [Errno 2] No such file or directory

2025-08-05 03:58:06,603 [ERROR] 学科 创业与创新 爬取失败，返回码: 2
2025-08-05 03:58:06,604 [ERROR] 错误输出: /home/jingyang22/.conda/envs/gp/bin/python: can't open file '/net/scratch/jingyang/GradPilot_DataBase/Crawl/run_crawler.py': [Errno 2] No such file or directory

2025-08-05 03:58:08,660 [ERROR] 学科 环境工程 爬取失败，返回码: 2
2025-08-05 03:58:08,661 [ERROR] 错误输出: /home/jingyang22/.conda/envs/gp/bin/python: can't open file '/net/scratch/jingyang/GradPilot_DataBase/Crawl/run_crawler.py': [Errno 2] No such file or directory

2025-08-05 03:58:10,715 [ERROR] 学科 航空工程 爬取失败，返回码: 2
2025-08-05 03:58:10,715 [ERROR] 错误输出: /home/jingyang22/.conda/envs/gp/bin/python: can't open file '/net/scratch/jingyang/GradPilot_DataBase/Crawl/run_crawler.py': [Errno 2] No such file or directory

2025-08-05 03:58:12,767 [ERROR] 学科 科学传播 爬取失败，返回码: 2
2025-08-05 03:58:12,767 [ERROR] 错误输出: /home/jingyang22/.conda/envs/gp/bin/python: can't open file '/net/scratch/jingyang/GradPilot_DataBase/Crawl/run_crawler.py': [Errno 2] No such file or directory

2025-08-05 03:58:14,838 [ERROR] 学科 管理 爬取失败，返回码: 2
2025-08-05 03:58:14,838 [ERROR] 错误输出: /home/jingyang22/.conda/envs/gp/bin/python: can't open file '/net/scratch/jingyang/GradPilot_DataBase/Crawl/run_crawler.py': [Errno 2] No such file or directory

2025-08-05 03:58:16,892 [ERROR] 学科 药学 爬取失败，返回码: 2
2025-08-05 03:58:16,893 [ERROR] 错误输出: /home/jingyang22/.conda/envs/gp/bin/python: can't open file '/net/scratch/jingyang/GradPilot_DataBase/Crawl/run_crawler.py': [Errno 2] No such file or directory

2025-08-05 03:58:18,952 [ERROR] 学科 电气电子 爬取失败，返回码: 2
2025-08-05 03:58:18,952 [ERROR] 错误输出: /home/jingyang22/.conda/envs/gp/bin/python: can't open file '/net/scratch/jingyang/GradPilot_DataBase/Crawl/run_crawler.py': [Errno 2] No such file or directory

2025-08-05 03:58:21,007 [ERROR] 学科 化学 爬取失败，返回码: 2
2025-08-05 03:58:21,008 [ERROR] 错误输出: /home/jingyang22/.conda/envs/gp/bin/python: can't open file '/net/scratch/jingyang/GradPilot_DataBase/Crawl/run_crawler.py': [Errno 2] No such file or directory

2025-08-05 03:58:23,064 [ERROR] 学科 经济 爬取失败，返回码: 2
2025-08-05 03:58:23,065 [ERROR] 错误输出: /home/jingyang22/.conda/envs/gp/bin/python: can't open file '/net/scratch/jingyang/GradPilot_DataBase/Crawl/run_crawler.py': [Errno 2] No such file or directory

2025-08-05 03:58:25,122 [ERROR] 学科 公共卫生 爬取失败，返回码: 2
2025-08-05 03:58:25,123 [ERROR] 错误输出: /home/jingyang22/.conda/envs/gp/bin/python: can't open file '/net/scratch/jingyang/GradPilot_DataBase/Crawl/run_crawler.py': [Errno 2] No such file or directory

2025-08-05 03:58:27,180 [ERROR] 学科 生物 爬取失败，返回码: 2
2025-08-05 03:58:27,181 [ERROR] 错误输出: /home/jingyang22/.conda/envs/gp/bin/python: can't open file '/net/scratch/jingyang/GradPilot_DataBase/Crawl/run_crawler.py': [Errno 2] No such file or directory

2025-08-05 03:58:29,234 [ERROR] 学科 能源 爬取失败，返回码: 2
2025-08-05 03:58:29,235 [ERROR] 错误输出: /home/jingyang22/.conda/envs/gp/bin/python: can't open file '/net/scratch/jingyang/GradPilot_DataBase/Crawl/run_crawler.py': [Errno 2] No such file or directory

2025-08-05 03:58:31,292 [ERROR] 学科 教育 爬取失败，返回码: 2
2025-08-05 03:58:31,292 [ERROR] 错误输出: /home/jingyang22/.conda/envs/gp/bin/python: can't open file '/net/scratch/jingyang/GradPilot_DataBase/Crawl/run_crawler.py': [Errno 2] No such file or directory

2025-08-05 03:58:33,347 [ERROR] 学科 公共政策与事务 爬取失败，返回码: 2
2025-08-05 03:58:33,348 [ERROR] 错误输出: /home/jingyang22/.conda/envs/gp/bin/python: can't open file '/net/scratch/jingyang/GradPilot_DataBase/Crawl/run_crawler.py': [Errno 2] No such file or directory

2025-08-05 03:58:35,407 [ERROR] 学科 法律 爬取失败，返回码: 2
2025-08-05 03:58:35,407 [ERROR] 错误输出: /home/jingyang22/.conda/envs/gp/bin/python: can't open file '/net/scratch/jingyang/GradPilot_DataBase/Crawl/run_crawler.py': [Errno 2] No such file or directory

2025-08-05 03:58:37,461 [ERROR] 学科 新闻 爬取失败，返回码: 2
2025-08-05 03:58:37,462 [ERROR] 错误输出: /home/jingyang22/.conda/envs/gp/bin/python: can't open file '/net/scratch/jingyang/GradPilot_DataBase/Crawl/run_crawler.py': [Errno 2] No such file or directory

2025-08-05 03:58:39,519 [ERROR] 学科 文化 爬取失败，返回码: 2
2025-08-05 03:58:39,520 [ERROR] 错误输出: /home/jingyang22/.conda/envs/gp/bin/python: can't open file '/net/scratch/jingyang/GradPilot_DataBase/Crawl/run_crawler.py': [Errno 2] No such file or directory

2025-08-05 03:58:41,575 [ERROR] 学科 工程管理 爬取失败，返回码: 2
2025-08-05 03:58:41,576 [ERROR] 错误输出: /home/jingyang22/.conda/envs/gp/bin/python: can't open file '/net/scratch/jingyang/GradPilot_DataBase/Crawl/run_crawler.py': [Errno 2] No such file or directory

2025-08-05 03:58:43,631 [ERROR] 学科 历史 爬取失败，返回码: 2
2025-08-05 03:58:43,631 [ERROR] 错误输出: /home/jingyang22/.conda/envs/gp/bin/python: can't open file '/net/scratch/jingyang/GradPilot_DataBase/Crawl/run_crawler.py': [Errno 2] No such file or directory

2025-08-05 03:58:45,688 [ERROR] 学科 国际关系 爬取失败，返回码: 2
2025-08-05 03:58:45,689 [ERROR] 错误输出: /home/jingyang22/.conda/envs/gp/bin/python: can't open file '/net/scratch/jingyang/GradPilot_DataBase/Crawl/run_crawler.py': [Errno 2] No such file or directory

2025-08-05 03:58:47,745 [ERROR] 学科 语言 爬取失败，返回码: 2
2025-08-05 03:58:47,746 [ERROR] 错误输出: /home/jingyang22/.conda/envs/gp/bin/python: can't open file '/net/scratch/jingyang/GradPilot_DataBase/Crawl/run_crawler.py': [Errno 2] No such file or directory

2025-08-05 03:58:49,800 [ERROR] 学科 艺术 爬取失败，返回码: 2
2025-08-05 03:58:49,801 [ERROR] 错误输出: /home/jingyang22/.conda/envs/gp/bin/python: can't open file '/net/scratch/jingyang/GradPilot_DataBase/Crawl/run_crawler.py': [Errno 2] No such file or directory

2025-08-05 03:58:51,854 [ERROR] 学科 影视 爬取失败，返回码: 2
2025-08-05 03:58:51,854 [ERROR] 错误输出: /home/jingyang22/.conda/envs/gp/bin/python: can't open file '/net/scratch/jingyang/GradPilot_DataBase/Crawl/run_crawler.py': [Errno 2] No such file or directory

2025-08-05 03:58:53,909 [ERROR] 学科 社会学与社工 爬取失败，返回码: 2
2025-08-05 03:58:53,909 [ERROR] 错误输出: /home/jingyang22/.conda/envs/gp/bin/python: can't open file '/net/scratch/jingyang/GradPilot_DataBase/Crawl/run_crawler.py': [Errno 2] No such file or directory

2025-08-05 03:58:55,963 [ERROR] 学科 媒介与社会 爬取失败，返回码: 2
2025-08-05 03:58:55,963 [ERROR] 错误输出: /home/jingyang22/.conda/envs/gp/bin/python: can't open file '/net/scratch/jingyang/GradPilot_DataBase/Crawl/run_crawler.py': [Errno 2] No such file or directory

2025-08-05 03:58:58,037 [ERROR] 学科 其他社科 爬取失败，返回码: 2
2025-08-05 03:58:58,038 [ERROR] 错误输出: /home/jingyang22/.conda/envs/gp/bin/python: can't open file '/net/scratch/jingyang/GradPilot_DataBase/Crawl/run_crawler.py': [Errno 2] No such file or directory

2025-08-05 03:59:00,097 [ERROR] 学科 哲学 爬取失败，返回码: 2
2025-08-05 03:59:00,097 [ERROR] 错误输出: /home/jingyang22/.conda/envs/gp/bin/python: can't open file '/net/scratch/jingyang/GradPilot_DataBase/Crawl/run_crawler.py': [Errno 2] No such file or directory

2025-08-05 03:59:02,152 [ERROR] 学科 建筑 爬取失败，返回码: 2
2025-08-05 03:59:02,152 [ERROR] 错误输出: /home/jingyang22/.conda/envs/gp/bin/python: can't open file '/net/scratch/jingyang/GradPilot_DataBase/Crawl/run_crawler.py': [Errno 2] No such file or directory

2025-08-05 03:59:04,206 [ERROR] 学科 工业工程 爬取失败，返回码: 2
2025-08-05 03:59:04,206 [ERROR] 错误输出: /home/jingyang22/.conda/envs/gp/bin/python: can't open file '/net/scratch/jingyang/GradPilot_DataBase/Crawl/run_crawler.py': [Errno 2] No such file or directory

2025-08-05 03:59:06,263 [ERROR] 学科 心理学 爬取失败，返回码: 2
2025-08-05 03:59:06,263 [ERROR] 错误输出: /home/jingyang22/.conda/envs/gp/bin/python: can't open file '/net/scratch/jingyang/GradPilot_DataBase/Crawl/run_crawler.py': [Errno 2] No such file or directory

2025-08-05 03:59:08,316 [ERROR] 学科 食品科学 爬取失败，返回码: 2
2025-08-05 03:59:08,317 [ERROR] 错误输出: /home/jingyang22/.conda/envs/gp/bin/python: can't open file '/net/scratch/jingyang/GradPilot_DataBase/Crawl/run_crawler.py': [Errno 2] No such file or directory

2025-08-05 03:59:10,371 [ERROR] 学科 人力资源管理 爬取失败，返回码: 2
2025-08-05 03:59:10,371 [ERROR] 错误输出: /home/jingyang22/.conda/envs/gp/bin/python: can't open file '/net/scratch/jingyang/GradPilot_DataBase/Crawl/run_crawler.py': [Errno 2] No such file or directory

2025-08-05 03:59:12,423 [ERROR] 学科 媒体与传播 爬取失败，返回码: 2
2025-08-05 03:59:12,423 [ERROR] 错误输出: /home/jingyang22/.conda/envs/gp/bin/python: can't open file '/net/scratch/jingyang/GradPilot_DataBase/Crawl/run_crawler.py': [Errno 2] No such file or directory

2025-08-05 03:59:14,475 [ERROR] 学科 供应链管理 爬取失败，返回码: 2
2025-08-05 03:59:14,475 [ERROR] 错误输出: /home/jingyang22/.conda/envs/gp/bin/python: can't open file '/net/scratch/jingyang/GradPilot_DataBase/Crawl/run_crawler.py': [Errno 2] No such file or directory

2025-08-05 03:59:16,529 [ERROR] 学科 会计 爬取失败，返回码: 2
2025-08-05 03:59:16,529 [ERROR] 错误输出: /home/jingyang22/.conda/envs/gp/bin/python: can't open file '/net/scratch/jingyang/GradPilot_DataBase/Crawl/run_crawler.py': [Errno 2] No such file or directory

2025-08-05 03:59:18,581 [ERROR] 学科 新媒体 爬取失败，返回码: 2
2025-08-05 03:59:18,582 [ERROR] 错误输出: /home/jingyang22/.conda/envs/gp/bin/python: can't open file '/net/scratch/jingyang/GradPilot_DataBase/Crawl/run_crawler.py': [Errno 2] No such file or directory

2025-08-05 03:59:20,633 [ERROR] 学科 信息系统 爬取失败，返回码: 2
2025-08-05 03:59:20,633 [ERROR] 错误输出: /home/jingyang22/.conda/envs/gp/bin/python: can't open file '/net/scratch/jingyang/GradPilot_DataBase/Crawl/run_crawler.py': [Errno 2] No such file or directory

2025-08-05 03:59:22,686 [ERROR] 学科 体育 爬取失败，返回码: 2
2025-08-05 03:59:22,686 [ERROR] 错误输出: /home/jingyang22/.conda/envs/gp/bin/python: can't open file '/net/scratch/jingyang/GradPilot_DataBase/Crawl/run_crawler.py': [Errno 2] No such file or directory

2025-08-05 03:59:24,739 [ERROR] 学科 策略传播 爬取失败，返回码: 2
2025-08-05 03:59:24,740 [ERROR] 错误输出: /home/jingyang22/.conda/envs/gp/bin/python: can't open file '/net/scratch/jingyang/GradPilot_DataBase/Crawl/run_crawler.py': [Errno 2] No such file or directory

2025-08-05 03:59:26,792 [ERROR] 学科 其他商科 爬取失败，返回码: 2
2025-08-05 03:59:26,792 [ERROR] 错误输出: /home/jingyang22/.conda/envs/gp/bin/python: can't open file '/net/scratch/jingyang/GradPilot_DataBase/Crawl/run_crawler.py': [Errno 2] No such file or directory

