2025-08-06 23:47:56 [scrapy.utils.log] INFO: Scrapy 2.11.1 started (bot: program_crawler)
2025-08-06 23:47:56 [scrapy.utils.log] INFO: Versions: lxml 4.9.3.0, libxml2 2.10.3, cssselect 1.2.0, parsel 1.8.1, w3lib 2.1.2, Twisted 23.10.0, Python 3.12.7 | packaged by Anaconda, Inc. | (main, Oct  4 2024, 08:22:19) [Clang 14.0.6 ], pyOpenSSL 24.2.1 (OpenSSL 3.0.15 3 Sep 2024), cryptography 43.0.0, Platform macOS-15.5-arm64-arm-64bit
2025-08-06 23:47:56 [program_spider] INFO: 尝试加载CSV文件: /Users/yijingyang/Library/CloudStorage/OneDrive-个人/GradPilot/ProgramDB/crawl/urls_subject/医学/医学_3.csv
2025-08-06 23:47:56 [program_spider] INFO: 文件是否存在: True
2025-08-06 23:47:56 [program_spider] INFO: 
================================================================================
2025-08-06 23:47:56 [program_spider] INFO: 原始总项目数: 100
2025-08-06 23:47:56 [program_spider] INFO: 将要爬取 100 个项目
2025-08-06 23:47:56 [program_spider] INFO: 允许的域名: ['www.polyu.edu.hk', 'medicine.um.edu.my', 'onderwijsaanbod.kuleuven.be', 'www.cityu.edu.hk', 'warwick.ac.uk', 'www.birmingham.ac.uk', 'www.uwa.edu.au', 'www.gla.ac.uk', 'www.uni-heidelberg.de', 'adelaideuni.edu.au', 'courses.leeds.ac.uk', 'www.southampton.ac.uk', 'cla.purdue.edu', 'www.sheffield.ac.uk', 'www.durham.ac.uk', 'www.uts.edu.au', 'www.nottingham.ac.uk', 'www.med.uzh.ch', 'www.uu.nl']
2025-08-06 23:47:56 [program_spider] INFO: 将按顺序逐个项目进行爬取
2025-08-06 23:47:56 [program_spider] INFO: ================================================================================
2025-08-06 23:47:56 [scrapy.addons] INFO: Enabled addons:
[]
2025-08-06 23:47:56 [py.warnings] WARNING: /opt/anaconda3/lib/python3.12/site-packages/scrapy/utils/request.py:254: ScrapyDeprecationWarning: '2.6' is a deprecated value for the 'REQUEST_FINGERPRINTER_IMPLEMENTATION' setting.

It is also the default value. In other words, it is normal to get this warning if you have not defined a value for the 'REQUEST_FINGERPRINTER_IMPLEMENTATION' setting. This is so for backward compatibility reasons, but it will change in a future version of Scrapy.

See the documentation of the 'REQUEST_FINGERPRINTER_IMPLEMENTATION' setting for information on how to handle this deprecation.
  return cls(crawler)

2025-08-06 23:47:56 [scrapy.middleware] INFO: Enabled extensions:
['scrapy.extensions.corestats.CoreStats',
 'scrapy.extensions.memusage.MemoryUsage',
 'scrapy.extensions.logstats.LogStats',
 'scrapy.extensions.throttle.AutoThrottle']
2025-08-06 23:47:56 [scrapy.crawler] INFO: Overridden settings:
{'AUTOTHROTTLE_ENABLED': True,
 'AUTOTHROTTLE_MAX_DELAY': 10,
 'AUTOTHROTTLE_START_DELAY': 2,
 'BOT_NAME': 'program_crawler',
 'CONCURRENT_REQUESTS': 20,
 'CONCURRENT_REQUESTS_PER_DOMAIN': 5,
 'DEPTH_LIMIT': 2,
 'DOWNLOAD_DELAY': 2,
 'DOWNLOAD_TIMEOUT': 30,
 'LOG_FILE': 'log/医学/医学_3_20250806_234756.log',
 'LOG_LEVEL': 'INFO',
 'NEWSPIDER_MODULE': 'program_crawler.spiders',
 'RANDOMIZE_DOWNLOAD_DELAY': 0.8,
 'RETRY_TIMES': 3,
 'SPIDER_MODULES': ['program_crawler.spiders'],
 'TELNETCONSOLE_ENABLED': False}
2025-08-06 23:47:56 [scrapy.middleware] INFO: Enabled downloader middlewares:
['scrapy.downloadermiddlewares.httpauth.HttpAuthMiddleware',
 'scrapy.downloadermiddlewares.downloadtimeout.DownloadTimeoutMiddleware',
 'scrapy.downloadermiddlewares.defaultheaders.DefaultHeadersMiddleware',
 'program_crawler.middlewares.RandomUserAgentMiddleware',
 'program_crawler.middlewares.BrowserHeadersMiddleware',
 'scrapy.downloadermiddlewares.retry.RetryMiddleware',
 'scrapy.downloadermiddlewares.redirect.MetaRefreshMiddleware',
 'scrapy.downloadermiddlewares.httpcompression.HttpCompressionMiddleware',
 'scrapy.downloadermiddlewares.redirect.RedirectMiddleware',
 'scrapy.downloadermiddlewares.cookies.CookiesMiddleware',
 'scrapy.downloadermiddlewares.httpproxy.HttpProxyMiddleware',
 'scrapy.downloadermiddlewares.stats.DownloaderStats']
2025-08-06 23:47:56 [scrapy.middleware] INFO: Enabled spider middlewares:
['scrapy.spidermiddlewares.httperror.HttpErrorMiddleware',
 'scrapy.spidermiddlewares.referer.RefererMiddleware',
 'scrapy.spidermiddlewares.urllength.UrlLengthMiddleware',
 'scrapy.spidermiddlewares.depth.DepthMiddleware']
2025-08-06 23:47:56 [scrapy.middleware] INFO: Enabled item pipelines:
['program_crawler.pipelines.JsonWriterPipeline']
2025-08-06 23:47:56 [scrapy.core.engine] INFO: Spider opened
2025-08-06 23:47:56 [scrapy.extensions.logstats] INFO: Crawled 0 pages (at 0 pages/min), scraped 0 items (at 0 items/min)
2025-08-06 23:47:56 [program_spider] INFO: 
================================================================================
2025-08-06 23:47:56 [program_spider] INFO: 开始爬取项目 [1/100]
2025-08-06 23:47:56 [program_spider] INFO: 项目名称: 香港理工大学职业治疗学硕士
2025-08-06 23:47:56 [program_spider] INFO: 项目ID: c91ca729-695a-499d-9dff-5d16349b3f4c
2025-08-06 23:47:56 [program_spider] INFO: 根URL: https://www.polyu.edu.hk/study/pg/tpg/20252/51068
2025-08-06 23:47:56 [program_spider] INFO: 剩余项目数: 99
2025-08-06 23:47:56 [program_spider] INFO: ================================================================================
2025-08-06 23:47:56 [program_spider] INFO: [c91ca729-695a-499d-9dff-5d16349b3f4c] 计数器变更: 0 -> 1, 操作: 启动根页面请求
2025-08-06 23:47:56 [scrapy.core.engine] INFO: Closing spider (finished)
2025-08-06 23:47:56 [program_spider] INFO: === 爬虫完成统计 ===
2025-08-06 23:47:56 [program_spider] INFO: 总项目数: 100
2025-08-06 23:47:56 [program_spider] INFO: 完成项目数: 0
2025-08-06 23:47:56 [program_spider] INFO: 失败项目数: 0
2025-08-06 23:47:56 [program_spider] INFO: 关闭原因: finished
2025-08-06 23:47:56 [program_spider] WARNING: 发现未完成的项目: ['香港理工大学职业治疗学硕士 (剩余: 1)']
2025-08-06 23:47:56 [program_spider] INFO: 完成率: 0.0%
2025-08-06 23:47:56 [scrapy.statscollectors] INFO: Dumping Scrapy stats:
{'elapsed_time_seconds': 0.000886,
 'finish_reason': 'finished',
 'finish_time': datetime.datetime(2025, 8, 6, 15, 47, 56, 897677, tzinfo=datetime.timezone.utc),
 'log_count/INFO': 22,
 'log_count/WARNING': 2,
 'memusage/max': 72155136,
 'memusage/startup': 72155136,
 'start_time': datetime.datetime(2025, 8, 6, 15, 47, 56, 896791, tzinfo=datetime.timezone.utc)}
2025-08-06 23:47:56 [scrapy.core.engine] INFO: Spider closed (finished)
