2025-08-07 00:17:20 [scrapy.utils.log] INFO: Scrapy 2.11.1 started (bot: program_crawler)
2025-08-07 00:17:20 [scrapy.utils.log] INFO: Versions: lxml 4.9.3.0, libxml2 2.10.3, cssselect 1.2.0, parsel 1.8.1, w3lib 2.1.2, Twisted 23.10.0, Python 3.12.7 | packaged by Anaconda, Inc. | (main, Oct  4 2024, 08:22:19) [Clang 14.0.6 ], pyOpenSSL 24.2.1 (OpenSSL 3.0.15 3 Sep 2024), cryptography 43.0.0, Platform macOS-15.5-arm64-arm-64bit
2025-08-07 00:17:20 [program_spider] INFO: 尝试加载CSV文件: /Users/yijingyang/Library/CloudStorage/OneDrive-个人/GradPilot/ProgramDB/crawl/urls_subject/交通运输/交通运输_urls.csv
2025-08-07 00:17:20 [program_spider] INFO: 文件是否存在: True
2025-08-07 00:17:20 [program_spider] INFO: 
================================================================================
2025-08-07 00:17:20 [program_spider] INFO: 原始总项目数: 46
2025-08-07 00:17:20 [program_spider] INFO: 将要爬取 46 个项目
2025-08-07 00:17:20 [program_spider] INFO: 允许的域名: ['www.imperial.ac.uk', 'cde.nus.edu.sg', 'www.ucl.ac.uk', 'portal.hku.hk', 'www.ntu.edu.sg', 'ce.berkeley.edu', 'www.unsw.edu.au', 'www.ed.tum.de', '', 'tum-asia.edu.sg', 'www.sydney.edu.au', 'www.manchester.ac.uk', 'www.monash.edu', 'fytgs.hkust-gz.edu.cn', 'www.cee.ucla.edu', 'www.tudelft.nl', 'www.polyu.edu.hk', 'engineering.nyu.edu', 'engine.um.edu.my', 'onderwijsaanbod.kuleuven.be', 'www.birmingham.ac.uk', 'www.gla.ac.uk', 'courses.leeds.ac.uk', 'www.southampton.ac.uk', 'www.ucdavis.edu', 'eng.upm.edu.my', 'www.ncl.ac.uk', 'www.tue.nl', 'builtsurvey.utm.my', 'civil.utm.my', 'www.cardiff.ac.uk']
2025-08-07 00:17:20 [program_spider] INFO: 将按顺序逐个项目进行爬取
2025-08-07 00:17:20 [program_spider] INFO: ================================================================================
2025-08-07 00:17:20 [scrapy.addons] INFO: Enabled addons:
[]
2025-08-07 00:17:20 [py.warnings] WARNING: /opt/anaconda3/lib/python3.12/site-packages/scrapy/utils/request.py:254: ScrapyDeprecationWarning: '2.6' is a deprecated value for the 'REQUEST_FINGERPRINTER_IMPLEMENTATION' setting.

It is also the default value. In other words, it is normal to get this warning if you have not defined a value for the 'REQUEST_FINGERPRINTER_IMPLEMENTATION' setting. This is so for backward compatibility reasons, but it will change in a future version of Scrapy.

See the documentation of the 'REQUEST_FINGERPRINTER_IMPLEMENTATION' setting for information on how to handle this deprecation.
  return cls(crawler)

2025-08-07 00:17:20 [scrapy.middleware] INFO: Enabled extensions:
['scrapy.extensions.corestats.CoreStats',
 'scrapy.extensions.memusage.MemoryUsage',
 'scrapy.extensions.logstats.LogStats',
 'scrapy.extensions.throttle.AutoThrottle']
2025-08-07 00:17:20 [scrapy.crawler] INFO: Overridden settings:
{'AUTOTHROTTLE_ENABLED': True,
 'AUTOTHROTTLE_MAX_DELAY': 10,
 'AUTOTHROTTLE_START_DELAY': 2,
 'BOT_NAME': 'program_crawler',
 'CONCURRENT_REQUESTS': 20,
 'CONCURRENT_REQUESTS_PER_DOMAIN': 5,
 'DEPTH_LIMIT': 2,
 'DOWNLOAD_DELAY': 2,
 'DOWNLOAD_TIMEOUT': 30,
 'LOG_FILE': 'log/交通运输/交通运输_urls_20250807_001720.log',
 'LOG_LEVEL': 'INFO',
 'NEWSPIDER_MODULE': 'program_crawler.spiders',
 'RANDOMIZE_DOWNLOAD_DELAY': 0.8,
 'RETRY_TIMES': 3,
 'SPIDER_MODULES': ['program_crawler.spiders'],
 'TELNETCONSOLE_ENABLED': False}
2025-08-07 00:17:20 [scrapy.middleware] INFO: Enabled downloader middlewares:
['scrapy.downloadermiddlewares.httpauth.HttpAuthMiddleware',
 'scrapy.downloadermiddlewares.downloadtimeout.DownloadTimeoutMiddleware',
 'scrapy.downloadermiddlewares.defaultheaders.DefaultHeadersMiddleware',
 'program_crawler.middlewares.RandomUserAgentMiddleware',
 'program_crawler.middlewares.BrowserHeadersMiddleware',
 'scrapy.downloadermiddlewares.retry.RetryMiddleware',
 'scrapy.downloadermiddlewares.redirect.MetaRefreshMiddleware',
 'scrapy.downloadermiddlewares.httpcompression.HttpCompressionMiddleware',
 'scrapy.downloadermiddlewares.redirect.RedirectMiddleware',
 'scrapy.downloadermiddlewares.cookies.CookiesMiddleware',
 'scrapy.downloadermiddlewares.httpproxy.HttpProxyMiddleware',
 'scrapy.downloadermiddlewares.stats.DownloaderStats']
2025-08-07 00:17:20 [scrapy.middleware] INFO: Enabled spider middlewares:
['scrapy.spidermiddlewares.httperror.HttpErrorMiddleware',
 'scrapy.spidermiddlewares.referer.RefererMiddleware',
 'scrapy.spidermiddlewares.urllength.UrlLengthMiddleware',
 'scrapy.spidermiddlewares.depth.DepthMiddleware']
2025-08-07 00:17:20 [scrapy.middleware] INFO: Enabled item pipelines:
['program_crawler.pipelines.JsonWriterPipeline']
2025-08-07 00:17:20 [scrapy.core.engine] INFO: Spider opened
2025-08-07 00:17:20 [scrapy.extensions.logstats] INFO: Crawled 0 pages (at 0 pages/min), scraped 0 items (at 0 items/min)
2025-08-07 00:17:20 [program_spider] INFO: 
================================================================================
2025-08-07 00:17:20 [program_spider] INFO: 开始爬取项目 [1/46]
2025-08-07 00:17:20 [program_spider] INFO: 项目名称: 帝国理工学院数据科学的运输理学硕士
2025-08-07 00:17:20 [program_spider] INFO: 项目ID: b6c2d7ac-1b61-42fa-97e6-693e47934efb
2025-08-07 00:17:20 [program_spider] INFO: 根URL: https://www.imperial.ac.uk/study/courses/postgraduate-taught/transport-data-science/
2025-08-07 00:17:20 [program_spider] INFO: 剩余项目数: 45
2025-08-07 00:17:20 [program_spider] INFO: ================================================================================
2025-08-07 00:17:20 [program_spider] INFO: [b6c2d7ac-1b61-42fa-97e6-693e47934efb] 计数器变更: 0 -> 1, 操作: 启动根页面请求
2025-08-07 00:17:21 [program_spider] INFO: [b6c2d7ac-1b61-42fa-97e6-693e47934efb] 正在处理根页面 (已处理0个页面): https://www.imperial.ac.uk/study/courses/postgraduate-taught/transport-data-science/
2025-08-07 00:17:22 [program_spider] INFO: [b6c2d7ac-1b61-42fa-97e6-693e47934efb] 页面总链接数: 369
2025-08-07 00:17:22 [program_spider] INFO: [b6c2d7ac-1b61-42fa-97e6-693e47934efb] 移除导航后链接数: 45 (移除了 0 个导航链接)
2025-08-07 00:17:22 [program_spider] INFO: [b6c2d7ac-1b61-42fa-97e6-693e47934efb] 有效链接数: 29, 关键词匹配数: 15, 最终提取数: 15
2025-08-07 00:17:22 [program_spider] INFO: [b6c2d7ac-1b61-42fa-97e6-693e47934efb] 页面 https://www.imperial.ac.uk/study/courses/postgraduate-taught/transport-data-science/ (depth=0, is_root=True) 提取到 15 个链接
2025-08-07 00:17:22 [program_spider] INFO: [b6c2d7ac-1b61-42fa-97e6-693e47934efb] 爬取子链接: https://www.imperial.ac.uk/study/courses/compare/ (锚文本: 'Course compare
0', 匹配关键词: 'course')
2025-08-07 00:17:22 [program_spider] INFO: [b6c2d7ac-1b61-42fa-97e6-693e47934efb] 爬取子链接: https://myimperial.powerappsportals.com/ (锚文本: 'Apply now', 匹配关键词: 'apply')
2025-08-07 00:17:22 [program_spider] INFO: [b6c2d7ac-1b61-42fa-97e6-693e47934efb] 爬取子链接: https://www.imperial.ac.uk/study/courses/postgraduate-taught/transport-data-science/?addCourse=1280838 (锚文本: 'Add to course compare', 匹配关键词: 'course')
2025-08-07 00:17:22 [program_spider] INFO: [b6c2d7ac-1b61-42fa-97e6-693e47934efb] 爬取子链接: https://www.imperial.ac.uk/study/apply/course-changes/ (锚文本: 'potential course changes', 匹配关键词: 'course')
2025-08-07 00:17:22 [program_spider] INFO: [b6c2d7ac-1b61-42fa-97e6-693e47934efb] 爬取子链接: https://www.imperial.ac.uk/study/apply/english-language/ (锚文本: 'English language requirements', 匹配关键词: 'requirements')
2025-08-07 00:17:22 [program_spider] INFO: [b6c2d7ac-1b61-42fa-97e6-693e47934efb] 爬取子链接: https://www.imperial.ac.uk/study/apply/contact/ (锚文本: 'relevant admissions team', 匹配关键词: 'admission')
2025-08-07 00:17:22 [program_spider] INFO: [b6c2d7ac-1b61-42fa-97e6-693e47934efb] 爬取子链接: https://www.imperial.ac.uk/study/apply/postgraduate-taught/application-process/deadlines/ (锚文本: 'Learn more about application rounds for Master's courses', 匹配关键词: 'master')
2025-08-07 00:17:22 [program_spider] INFO: [b6c2d7ac-1b61-42fa-97e6-693e47934efb] 爬取子链接: https://www.imperial.ac.uk/study/apply/postgraduate-taught/application-process/application-fee/ (锚文本: 'Read full details about the application fee and waiver', 匹配关键词: 'application')
2025-08-07 00:17:22 [program_spider] INFO: [b6c2d7ac-1b61-42fa-97e6-693e47934efb] 爬取子链接: https://www.imperial.ac.uk/study/apply/postgraduate-taught/application-process/ (锚文本: 'how to apply for a Master's course', 匹配关键词: 'master')
2025-08-07 00:17:22 [program_spider] INFO: [b6c2d7ac-1b61-42fa-97e6-693e47934efb] 爬取子链接: https://www.imperial.ac.uk/study/fees-and-funding/tuition-fees/payment-terms/ (锚文本: 'tuition fees payment terms', 匹配关键词: 'tuition')
2025-08-07 00:17:22 [program_spider] INFO: [b6c2d7ac-1b61-42fa-97e6-693e47934efb] 爬取子链接: https://www.imperial.ac.uk/study/fees-and-funding/postgraduate-taught/loans/masters-loan/ (锚文本: 'Postgraduate Master’s Loan', 匹配关键词: 'master')
2025-08-07 00:17:22 [program_spider] INFO: [b6c2d7ac-1b61-42fa-97e6-693e47934efb] 爬取子链接: https://www.imperial.ac.uk/staff/tools-and-reference/quality-assurance-enhancement/programme-information/programme-specifications/ (锚文本: 'Programme specifications', 匹配关键词: 'program')
2025-08-07 00:17:22 [program_spider] INFO: [b6c2d7ac-1b61-42fa-97e6-693e47934efb] 提取链接完成，去重前 15 个链接，去重后 12 个新请求（去重了 3 个重复链接）
2025-08-07 00:17:22 [program_spider] INFO: [b6c2d7ac-1b61-42fa-97e6-693e47934efb] 计数器变更: 1 -> 13, 操作: 添加12个子页面请求
2025-08-07 00:17:22 [program_spider] INFO: [b6c2d7ac-1b61-42fa-97e6-693e47934efb] 添加 12 个新请求，当前剩余: 12
2025-08-07 00:17:22 [program_spider] INFO: [b6c2d7ac-1b61-42fa-97e6-693e47934efb] 计数器变更: 13 -> 12, 操作: 完成页面解析
2025-08-07 00:17:22 [program_spider] INFO: [b6c2d7ac-1b61-42fa-97e6-693e47934efb] 正在处理子页面(深度1) (已处理1个页面): https://www.imperial.ac.uk/study/courses/compare/
2025-08-07 00:17:22 [program_spider] INFO: [b6c2d7ac-1b61-42fa-97e6-693e47934efb] 计数器变更: 12 -> 11, 操作: 完成页面解析
2025-08-07 00:17:23 [program_spider] INFO: [b6c2d7ac-1b61-42fa-97e6-693e47934efb] 正在处理子页面(深度1) (已处理2个页面): https://myimperial.powerappsportals.com/
2025-08-07 00:17:23 [program_spider] INFO: [b6c2d7ac-1b61-42fa-97e6-693e47934efb] 计数器变更: 11 -> 10, 操作: 完成页面解析
2025-08-07 00:17:24 [program_spider] INFO: [b6c2d7ac-1b61-42fa-97e6-693e47934efb] 正在处理子页面(深度1) (已处理3个页面): https://www.imperial.ac.uk/staff/tools-and-reference/quality-assurance-enhancement/programme-informa...
2025-08-07 00:17:24 [program_spider] INFO: [b6c2d7ac-1b61-42fa-97e6-693e47934efb] 计数器变更: 10 -> 9, 操作: 完成页面解析
2025-08-07 00:17:27 [program_spider] INFO: [b6c2d7ac-1b61-42fa-97e6-693e47934efb] 正在处理子页面(深度1) (已处理4个页面): https://www.imperial.ac.uk/study/fees-and-funding/postgraduate-taught/loans/masters-loan/
2025-08-07 00:17:27 [program_spider] INFO: [b6c2d7ac-1b61-42fa-97e6-693e47934efb] 计数器变更: 9 -> 8, 操作: 完成页面解析
2025-08-07 00:17:29 [program_spider] INFO: [b6c2d7ac-1b61-42fa-97e6-693e47934efb] 正在处理子页面(深度1) (已处理5个页面): https://www.imperial.ac.uk/study/fees-and-funding/tuition-fees/payment-terms/
2025-08-07 00:17:29 [program_spider] INFO: [b6c2d7ac-1b61-42fa-97e6-693e47934efb] 计数器变更: 8 -> 7, 操作: 完成页面解析
2025-08-07 00:17:30 [program_spider] INFO: [b6c2d7ac-1b61-42fa-97e6-693e47934efb] 正在处理子页面(深度1) (已处理6个页面): https://www.imperial.ac.uk/study/apply/postgraduate-taught/application-process/
2025-08-07 00:17:30 [program_spider] INFO: [b6c2d7ac-1b61-42fa-97e6-693e47934efb] 计数器变更: 7 -> 6, 操作: 完成页面解析
2025-08-07 00:17:32 [program_spider] INFO: [b6c2d7ac-1b61-42fa-97e6-693e47934efb] 正在处理子页面(深度1) (已处理7个页面): https://www.imperial.ac.uk/study/apply/postgraduate-taught/application-process/application-fee/
2025-08-07 00:17:32 [program_spider] INFO: [b6c2d7ac-1b61-42fa-97e6-693e47934efb] 计数器变更: 6 -> 5, 操作: 完成页面解析
