2025-08-07 12:16:20 [scrapy.utils.log] INFO: Scrapy 2.11.1 started (bot: program_crawler)
2025-08-07 12:16:20 [scrapy.utils.log] INFO: Versions: lxml 4.9.3.0, libxml2 2.10.3, cssselect 1.2.0, parsel 1.8.1, w3lib 2.1.2, Twisted 23.10.0, Python 3.12.7 | packaged by Anaconda, Inc. | (main, Oct  4 2024, 08:22:19) [Clang 14.0.6 ], pyOpenSSL 24.2.1 (OpenSSL 3.0.15 3 Sep 2024), cryptography 43.0.0, Platform macOS-15.5-arm64-arm-64bit
2025-08-07 12:16:20 [program_spider] INFO: 尝试加载CSV文件: /Users/yijingyang/Library/CloudStorage/OneDrive-个人/GradPilot/ProgramDB/crawl/urls_subject/信息系统/信息系统_urls.csv
2025-08-07 12:16:20 [program_spider] INFO: 文件是否存在: True
2025-08-07 12:16:20 [program_spider] INFO: 
================================================================================
2025-08-07 12:16:20 [program_spider] INFO: 原始总项目数: 92
2025-08-07 12:16:20 [program_spider] INFO: 将要爬取 92 个项目
2025-08-07 12:16:20 [program_spider] INFO: 允许的域名: ['www.ucl.ac.uk', 'portal.hku.hk', 'www.ntu.edu.sg', 'phs.weill.cornell.edu', 'infosci.cornell.edu', 'www.systemseng.cornell.edu', 'www.ischool.berkeley.edu', 'study.unimelb.edu.au', 'carey.jhu.edu', 'programsandcourses.anu.edu.au', 'www.gs.cuhk.edu.hk', 'www.manchester.ac.uk', 'www.monash.edu', 'www.monash.edu.my', 'sps.columbia.edu', 'www.mccormick.northwestern.edu', 'sps.northwestern.edu', 'prog-crs.hkust.edu.hk', 'mscism.hkust.edu.hk', 'www.si.umich.edu', 'seis.ucla.edu', 'www.cmu.edu', 'www.heinz.cmu.edu', 'miis.cs.cmu.edu', 'www.polyu.edu.hk', 'cs.nyu.edu', 'www.sps.nyu.edu', 'www.lse.ac.uk', 'fass.um.edu.my', 'onderwijsaanbod.kuleuven.be', 'www.cityu.edu.hk', 'mp.weixin.qq.com', 'pga.cityu-dg.edu.cn', 'www.ischool.utexas.edu', 'www.mccombs.utexas.edu', 'bcbi.brown.edu', 'ischool.illinois.edu', 'warwick.ac.uk', 'www.gla.ac.uk', 'foster.uw.edu', 'ischool.uw.edu', 'courses.leeds.ac.uk', 'www.southampton.ac.uk', 'www.sheffield.ac.uk', 'www.nottingham.ac.uk', 'www.oec.uzh.ch', 'www.uu.nl', 'www.northeastern.edu', 'www.qmul.ac.uk', 'ischool.wisc.edu', 'health.ucdavis.edu', 'www.ncl.ac.uk', 'www.mq.edu.au', 'sils.unc.edu', 'mays.tamu.edu', 'www.rug.nl', 'graduate.northeastern.edu', 'sever.wustl.edu', 'www.curtin.edu.au', 'www.henley.ac.uk']
2025-08-07 12:16:20 [program_spider] INFO: 将按顺序逐个项目进行爬取
2025-08-07 12:16:20 [program_spider] INFO: ================================================================================
2025-08-07 12:16:20 [scrapy.addons] INFO: Enabled addons:
[]
2025-08-07 12:16:20 [py.warnings] WARNING: /opt/anaconda3/lib/python3.12/site-packages/scrapy/utils/request.py:254: ScrapyDeprecationWarning: '2.6' is a deprecated value for the 'REQUEST_FINGERPRINTER_IMPLEMENTATION' setting.

It is also the default value. In other words, it is normal to get this warning if you have not defined a value for the 'REQUEST_FINGERPRINTER_IMPLEMENTATION' setting. This is so for backward compatibility reasons, but it will change in a future version of Scrapy.

See the documentation of the 'REQUEST_FINGERPRINTER_IMPLEMENTATION' setting for information on how to handle this deprecation.
  return cls(crawler)

2025-08-07 12:16:20 [scrapy.middleware] INFO: Enabled extensions:
['scrapy.extensions.corestats.CoreStats',
 'scrapy.extensions.memusage.MemoryUsage',
 'scrapy.extensions.logstats.LogStats',
 'scrapy.extensions.throttle.AutoThrottle']
2025-08-07 12:16:20 [scrapy.crawler] INFO: Overridden settings:
{'AUTOTHROTTLE_ENABLED': True,
 'AUTOTHROTTLE_MAX_DELAY': 10,
 'AUTOTHROTTLE_START_DELAY': 2,
 'BOT_NAME': 'program_crawler',
 'CONCURRENT_REQUESTS': 20,
 'CONCURRENT_REQUESTS_PER_DOMAIN': 5,
 'DEPTH_LIMIT': 2,
 'DOWNLOAD_DELAY': 2,
 'DOWNLOAD_TIMEOUT': 30,
 'LOG_FILE': 'log/信息系统/信息系统_urls_20250807_121620.log',
 'LOG_LEVEL': 'INFO',
 'NEWSPIDER_MODULE': 'program_crawler.spiders',
 'RANDOMIZE_DOWNLOAD_DELAY': 0.8,
 'RETRY_TIMES': 3,
 'SPIDER_MODULES': ['program_crawler.spiders'],
 'TELNETCONSOLE_ENABLED': False}
2025-08-07 12:16:20 [scrapy.middleware] INFO: Enabled downloader middlewares:
['scrapy.downloadermiddlewares.httpauth.HttpAuthMiddleware',
 'scrapy.downloadermiddlewares.downloadtimeout.DownloadTimeoutMiddleware',
 'scrapy.downloadermiddlewares.defaultheaders.DefaultHeadersMiddleware',
 'program_crawler.middlewares.RandomUserAgentMiddleware',
 'program_crawler.middlewares.BrowserHeadersMiddleware',
 'scrapy.downloadermiddlewares.retry.RetryMiddleware',
 'scrapy.downloadermiddlewares.redirect.MetaRefreshMiddleware',
 'scrapy.downloadermiddlewares.httpcompression.HttpCompressionMiddleware',
 'scrapy.downloadermiddlewares.redirect.RedirectMiddleware',
 'scrapy.downloadermiddlewares.cookies.CookiesMiddleware',
 'scrapy.downloadermiddlewares.httpproxy.HttpProxyMiddleware',
 'scrapy.downloadermiddlewares.stats.DownloaderStats']
2025-08-07 12:16:20 [scrapy.middleware] INFO: Enabled spider middlewares:
['scrapy.spidermiddlewares.httperror.HttpErrorMiddleware',
 'scrapy.spidermiddlewares.referer.RefererMiddleware',
 'scrapy.spidermiddlewares.urllength.UrlLengthMiddleware',
 'scrapy.spidermiddlewares.depth.DepthMiddleware']
2025-08-07 12:16:20 [scrapy.middleware] INFO: Enabled item pipelines:
['program_crawler.pipelines.JsonWriterPipeline']
2025-08-07 12:16:20 [scrapy.core.engine] INFO: Spider opened
2025-08-07 12:16:20 [scrapy.extensions.logstats] INFO: Crawled 0 pages (at 0 pages/min), scraped 0 items (at 0 items/min)
2025-08-07 12:16:20 [program_spider] INFO: 
================================================================================
2025-08-07 12:16:20 [program_spider] INFO: 开始爬取项目 [1/92]
2025-08-07 12:16:20 [program_spider] INFO: 项目名称: 伦敦大学学院档案与记录管理文学硕士
2025-08-07 12:16:20 [program_spider] INFO: 项目ID: 205f97b3-e640-4342-8219-0fa15500ce74
2025-08-07 12:16:20 [program_spider] INFO: 根URL: https://www.ucl.ac.uk/prospective-students/graduate/taught-degrees/archives-and-records-management-ma
2025-08-07 12:16:20 [program_spider] INFO: 剩余项目数: 91
2025-08-07 12:16:20 [program_spider] INFO: ================================================================================
2025-08-07 12:16:20 [program_spider] INFO: [205f97b3-e640-4342-8219-0fa15500ce74] 计数器变更: 0 -> 1, 操作: 启动根页面请求
2025-08-07 12:16:21 [program_spider] INFO: [205f97b3-e640-4342-8219-0fa15500ce74] 正在处理根页面 (已处理0个页面): https://www.ucl.ac.uk/prospective-students/graduate/taught-degrees/archives-and-records-management-m...
2025-08-07 12:16:21 [program_spider] INFO: [205f97b3-e640-4342-8219-0fa15500ce74] 页面总链接数: 116
2025-08-07 12:16:21 [program_spider] INFO: [205f97b3-e640-4342-8219-0fa15500ce74] 移除导航后链接数: 87 (移除了 0 个导航链接)
2025-08-07 12:16:21 [program_spider] INFO: [205f97b3-e640-4342-8219-0fa15500ce74] 有效链接数: 75, 关键词匹配数: 24, 最终提取数: 24
2025-08-07 12:16:21 [program_spider] INFO: [205f97b3-e640-4342-8219-0fa15500ce74] 页面 https://www.ucl.ac.uk/prospective-students/graduate/taught-degrees/archives-and-records-management-ma (depth=0, is_root=True) 提取到 24 个链接
2025-08-07 12:16:21 [program_spider] INFO: [205f97b3-e640-4342-8219-0fa15500ce74] 爬取子链接: https://www.ucl.ac.uk/prospective-students/graduate/taught-degrees/archives-and-records-management-ma/2024 (锚文本: 'If you require details of the previous year's programme, Archives and Records Management MA (2024), click here', 匹配关键词: 'program')
2025-08-07 12:16:21 [program_spider] INFO: [205f97b3-e640-4342-8219-0fa15500ce74] 爬取子链接: https://www.ucl.ac.uk/prospective-students/graduate/taught-degrees?query=Information Studies, Library Studies and Publishing&meta_ProgrammeDeadlineStatus=Open (锚文本: 'Find similar courses still open', 匹配关键词: 'course')
2025-08-07 12:16:21 [program_spider] INFO: [205f97b3-e640-4342-8219-0fa15500ce74] 爬取子链接: https://www.ucl.ac.uk/languages-international-education/preparation-courses (锚文本: 'UCL Pre-Master's and Pre-sessional English courses', 匹配关键词: 'master')
2025-08-07 12:16:21 [program_spider] INFO: [205f97b3-e640-4342-8219-0fa15500ce74] 爬取子链接: https://www.ucl.ac.uk/prospective-students/graduate/learning-and-living-ucl/international-students/english-language-requirements (锚文本: 'English language requirements', 匹配关键词: 'requirements')
2025-08-07 12:16:21 [program_spider] INFO: [205f97b3-e640-4342-8219-0fa15500ce74] 爬取子链接: https://www.ucl.ac.uk/prospective-students/graduate/why-choose-ucl (锚文本: 'Read about what it takes to study for a Master's at UCL', 匹配关键词: 'master')
2025-08-07 12:16:21 [program_spider] INFO: [205f97b3-e640-4342-8219-0fa15500ce74] 爬取子链接: https://www.ucl.ac.uk/prospective-students/graduate/why-choose-ucl/careers-and-employability (锚文本: 'Read about what you'll get out of a graduate programme', 匹配关键词: 'graduate')
2025-08-07 12:16:21 [program_spider] INFO: [205f97b3-e640-4342-8219-0fa15500ce74] 爬取子链接: https://public.tableau.com/app/profile/katy.coyte4085/viz/WhatDoUCLGraduatesDo/WhatdoUCLgraduatesdo (锚文本: 'Graduate Outcomes Survey', 匹配关键词: 'graduate')
2025-08-07 12:16:21 [program_spider] INFO: [205f97b3-e640-4342-8219-0fa15500ce74] 爬取子链接: https://www.ucl.ac.uk/module-catalogue/modules/dissertation-INST0062 (锚文本: 'Dissertation', 匹配关键词: 'dissertation')
2025-08-07 12:16:21 [program_spider] INFO: [205f97b3-e640-4342-8219-0fa15500ce74] 爬取子链接: https://www.ucl.ac.uk/prospective-students/graduate/tuition-fees (锚文本: 'Tuition fees', 匹配关键词: 'tuition')
2025-08-07 12:16:21 [program_spider] INFO: [205f97b3-e640-4342-8219-0fa15500ce74] 爬取子链接: https://www.ucl.ac.uk/scholarships (锚文本: 'Scholarships and Funding website', 匹配关键词: 'funding')
2025-08-07 12:16:21 [program_spider] INFO: [205f97b3-e640-4342-8219-0fa15500ce74] 爬取子链接: https://www.ucl.ac.uk/prospective-students/graduate/application-fees (锚文本: 'Application fees', 匹配关键词: 'application')
2025-08-07 12:16:21 [program_spider] INFO: [205f97b3-e640-4342-8219-0fa15500ce74] 爬取子链接: https://www.ucl.ac.uk/prospective-students/graduate/graduate-degrees (锚文本: 'Graduate degrees', 匹配关键词: 'graduate')
2025-08-07 12:16:21 [program_spider] INFO: [205f97b3-e640-4342-8219-0fa15500ce74] 爬取子链接: https://www.ucl.ac.uk/prospective-students/graduate/taught-degrees/applying-graduate-taught-study-ucl (锚文本: 'Applying for Graduate Taught Study at UCL', 匹配关键词: 'graduate')
2025-08-07 12:16:21 [program_spider] INFO: [205f97b3-e640-4342-8219-0fa15500ce74] 爬取子链接: https://www.ucl.ac.uk/prospective-students/graduate/research-degrees/funded-doctoral-training-programmes (锚文本: 'Funded Doctoral Training Programmes', 匹配关键词: 'program')
2025-08-07 12:16:21 [program_spider] INFO: [205f97b3-e640-4342-8219-0fa15500ce74] 爬取子链接: https://www.ucl.ac.uk/prospective-students/graduate/research-degrees/applying-graduate-research-study-ucl (锚文本: 'Applying for Graduate Research Study at UCL', 匹配关键词: 'graduate')
2025-08-07 12:16:21 [program_spider] INFO: [205f97b3-e640-4342-8219-0fa15500ce74] 爬取子链接: https://www.ucl.ac.uk/prospective-students/graduate/teacher-training/early-years-pgce-courses (锚文本: 'Early Years PGCE courses', 匹配关键词: 'course')
2025-08-07 12:16:21 [program_spider] INFO: [205f97b3-e640-4342-8219-0fa15500ce74] 爬取子链接: https://www.ucl.ac.uk/prospective-students/graduate/teacher-training/primary-pgce-courses (锚文本: 'Primary PGCE courses', 匹配关键词: 'course')
2025-08-07 12:16:21 [program_spider] INFO: [205f97b3-e640-4342-8219-0fa15500ce74] 爬取子链接: https://www.ucl.ac.uk/prospective-students/graduate/teacher-training/secondary-pgce-courses (锚文本: 'Secondary PGCE courses', 匹配关键词: 'course')
2025-08-07 12:16:21 [program_spider] INFO: [205f97b3-e640-4342-8219-0fa15500ce74] 爬取子链接: https://www.ucl.ac.uk/prospective-students/graduate/teacher-training-programmes/further-education-pgce (锚文本: 'Further Education PGCE programme', 匹配关键词: 'program')
2025-08-07 12:16:21 [program_spider] INFO: [205f97b3-e640-4342-8219-0fa15500ce74] 爬取子链接: https://www.ucl.ac.uk/prospective-students/graduate/teacher-training/entry-requirements (锚文本: 'Entry requirements', 匹配关键词: 'requirements')
2025-08-07 12:16:21 [program_spider] INFO: [205f97b3-e640-4342-8219-0fa15500ce74] 爬取子链接: https://www.ucl.ac.uk/prospective-students/graduate/teacher-training/how-apply (锚文本: 'How to apply', 匹配关键词: 'apply')
2025-08-07 12:16:21 [program_spider] INFO: [205f97b3-e640-4342-8219-0fa15500ce74] 爬取子链接: https://www.ucl.ac.uk/prospective-students/graduate/why-choose-ucl/postgraduate-students-association (锚文本: 'Postgraduate Students' Association', 匹配关键词: 'graduate')
2025-08-07 12:16:21 [program_spider] INFO: [205f97b3-e640-4342-8219-0fa15500ce74] 爬取子链接: https://www.ucl.ac.uk/prospective-students/graduate/funding-your-masters (锚文本: 'Funding your Master's', 匹配关键词: 'master')
2025-08-07 12:16:21 [program_spider] INFO: [205f97b3-e640-4342-8219-0fa15500ce74] 提取链接完成，去重前 24 个链接，去重后 23 个新请求（去重了 1 个重复链接）
2025-08-07 12:16:21 [program_spider] INFO: [205f97b3-e640-4342-8219-0fa15500ce74] 计数器变更: 1 -> 24, 操作: 添加23个子页面请求
2025-08-07 12:16:21 [program_spider] INFO: [205f97b3-e640-4342-8219-0fa15500ce74] 添加 23 个新请求，当前剩余: 23
2025-08-07 12:16:21 [program_spider] INFO: [205f97b3-e640-4342-8219-0fa15500ce74] 计数器变更: 24 -> 23, 操作: 完成页面解析
2025-08-07 12:16:23 [program_spider] INFO: [205f97b3-e640-4342-8219-0fa15500ce74] 正在处理子页面(深度1) (已处理1个页面): https://www.ucl.ac.uk/prospective-students/graduate/taught-degrees/archives-and-records-management-m...
2025-08-07 12:16:23 [program_spider] INFO: [205f97b3-e640-4342-8219-0fa15500ce74] 计数器变更: 23 -> 22, 操作: 完成页面解析
2025-08-07 12:16:25 [program_spider] INFO: [205f97b3-e640-4342-8219-0fa15500ce74] 正在处理子页面(深度1) (已处理2个页面): https://www.ucl.ac.uk/prospective-students/graduate/funding-your-masters
2025-08-07 12:16:25 [program_spider] INFO: [205f97b3-e640-4342-8219-0fa15500ce74] 计数器变更: 22 -> 21, 操作: 完成页面解析
2025-08-07 12:16:27 [program_spider] INFO: [205f97b3-e640-4342-8219-0fa15500ce74] 正在处理子页面(深度1) (已处理3个页面): https://www.ucl.ac.uk/prospective-students/graduate/why-choose-ucl/postgraduate-students-association
2025-08-07 12:16:27 [program_spider] INFO: [205f97b3-e640-4342-8219-0fa15500ce74] 计数器变更: 21 -> 20, 操作: 完成页面解析
2025-08-07 12:16:27 [program_spider] INFO: [205f97b3-e640-4342-8219-0fa15500ce74] 正在处理子页面(深度1) (已处理4个页面): https://public.tableau.com/app/profile/katy.coyte4085/viz/WhatDoUCLGraduatesDo/WhatdoUCLgraduatesdo
2025-08-07 12:16:27 [program_spider] INFO: [205f97b3-e640-4342-8219-0fa15500ce74] 计数器变更: 20 -> 19, 操作: 完成页面解析
2025-08-07 12:16:29 [program_spider] INFO: [205f97b3-e640-4342-8219-0fa15500ce74] 正在处理子页面(深度1) (已处理5个页面): https://www.ucl.ac.uk/prospective-students/graduate/teacher-training/how-apply
2025-08-07 12:16:29 [program_spider] INFO: [205f97b3-e640-4342-8219-0fa15500ce74] 计数器变更: 19 -> 18, 操作: 完成页面解析
2025-08-07 12:16:31 [program_spider] INFO: [205f97b3-e640-4342-8219-0fa15500ce74] 正在处理子页面(深度1) (已处理6个页面): https://www.ucl.ac.uk/prospective-students/graduate/teacher-training/entry-requirements
2025-08-07 12:16:31 [program_spider] INFO: [205f97b3-e640-4342-8219-0fa15500ce74] 计数器变更: 18 -> 17, 操作: 完成页面解析
2025-08-07 12:16:33 [program_spider] INFO: [205f97b3-e640-4342-8219-0fa15500ce74] 正在处理子页面(深度1) (已处理7个页面): https://www.ucl.ac.uk/prospective-students/graduate/teacher-training-programmes/further-education-pg...
2025-08-07 12:16:33 [program_spider] INFO: [205f97b3-e640-4342-8219-0fa15500ce74] 计数器变更: 17 -> 16, 操作: 完成页面解析
2025-08-07 12:16:35 [program_spider] INFO: [205f97b3-e640-4342-8219-0fa15500ce74] 正在处理子页面(深度1) (已处理8个页面): https://www.ucl.ac.uk/prospective-students/graduate/teacher-training/secondary-pgce-courses
2025-08-07 12:16:35 [program_spider] INFO: [205f97b3-e640-4342-8219-0fa15500ce74] 计数器变更: 16 -> 15, 操作: 完成页面解析
2025-08-07 12:16:37 [program_spider] INFO: [205f97b3-e640-4342-8219-0fa15500ce74] 正在处理子页面(深度1) (已处理9个页面): https://www.ucl.ac.uk/prospective-students/graduate/teacher-training/primary-pgce-courses
2025-08-07 12:16:37 [program_spider] INFO: [205f97b3-e640-4342-8219-0fa15500ce74] 计数器变更: 15 -> 14, 操作: 完成页面解析
2025-08-07 12:16:39 [program_spider] INFO: [205f97b3-e640-4342-8219-0fa15500ce74] 正在处理子页面(深度1) (已处理10个页面): https://www.ucl.ac.uk/prospective-students/graduate/teacher-training/early-years-pgce-courses
2025-08-07 12:16:39 [program_spider] INFO: [205f97b3-e640-4342-8219-0fa15500ce74] 计数器变更: 14 -> 13, 操作: 完成页面解析
2025-08-07 12:16:41 [program_spider] INFO: [205f97b3-e640-4342-8219-0fa15500ce74] 正在处理子页面(深度1) (已处理11个页面): https://www.ucl.ac.uk/prospective-students/graduate/research-degrees/applying-graduate-research-stud...
2025-08-07 12:16:41 [program_spider] INFO: [205f97b3-e640-4342-8219-0fa15500ce74] 计数器变更: 13 -> 12, 操作: 完成页面解析
2025-08-07 12:16:43 [program_spider] INFO: [205f97b3-e640-4342-8219-0fa15500ce74] 正在处理子页面(深度1) (已处理12个页面): https://www.ucl.ac.uk/prospective-students/graduate/research-degrees/funded-doctoral-training-progra...
2025-08-07 12:16:43 [program_spider] INFO: [205f97b3-e640-4342-8219-0fa15500ce74] 计数器变更: 12 -> 11, 操作: 完成页面解析
2025-08-07 12:16:45 [program_spider] INFO: [205f97b3-e640-4342-8219-0fa15500ce74] 正在处理子页面(深度1) (已处理13个页面): https://www.ucl.ac.uk/prospective-students/graduate/taught-degrees/applying-graduate-taught-study-uc...
2025-08-07 12:16:45 [program_spider] INFO: [205f97b3-e640-4342-8219-0fa15500ce74] 计数器变更: 11 -> 10, 操作: 完成页面解析
2025-08-07 12:16:47 [program_spider] INFO: [205f97b3-e640-4342-8219-0fa15500ce74] 正在处理子页面(深度1) (已处理14个页面): https://www.ucl.ac.uk/prospective-students/graduate/graduate-degrees
2025-08-07 12:16:47 [program_spider] INFO: [205f97b3-e640-4342-8219-0fa15500ce74] 计数器变更: 10 -> 9, 操作: 完成页面解析
2025-08-07 12:16:49 [program_spider] INFO: [205f97b3-e640-4342-8219-0fa15500ce74] 正在处理子页面(深度1) (已处理15个页面): https://www.ucl.ac.uk/prospective-students/graduate/application-fees
2025-08-07 12:16:49 [program_spider] INFO: [205f97b3-e640-4342-8219-0fa15500ce74] 计数器变更: 9 -> 8, 操作: 完成页面解析
2025-08-07 12:16:51 [program_spider] INFO: [205f97b3-e640-4342-8219-0fa15500ce74] 正在处理子页面(深度1) (已处理16个页面): https://www.ucl.ac.uk/scholarships
2025-08-07 12:16:51 [program_spider] INFO: [205f97b3-e640-4342-8219-0fa15500ce74] 计数器变更: 8 -> 7, 操作: 完成页面解析
2025-08-07 12:16:53 [program_spider] INFO: [205f97b3-e640-4342-8219-0fa15500ce74] 正在处理子页面(深度1) (已处理17个页面): https://www.ucl.ac.uk/prospective-students/graduate/tuition-fees
2025-08-07 12:16:53 [program_spider] INFO: [205f97b3-e640-4342-8219-0fa15500ce74] 计数器变更: 7 -> 6, 操作: 完成页面解析
2025-08-07 12:16:55 [program_spider] INFO: [205f97b3-e640-4342-8219-0fa15500ce74] 正在处理子页面(深度1) (已处理18个页面): https://www.ucl.ac.uk/module-catalogue/modules/dissertation-INST0062
2025-08-07 12:16:55 [program_spider] INFO: [205f97b3-e640-4342-8219-0fa15500ce74] 计数器变更: 6 -> 5, 操作: 完成页面解析
2025-08-07 12:16:57 [program_spider] INFO: [205f97b3-e640-4342-8219-0fa15500ce74] 正在处理子页面(深度1) (已处理19个页面): https://www.ucl.ac.uk/prospective-students/graduate/why-choose-ucl/careers-and-employability
2025-08-07 12:16:57 [program_spider] INFO: [205f97b3-e640-4342-8219-0fa15500ce74] 计数器变更: 5 -> 4, 操作: 完成页面解析
2025-08-07 12:16:59 [program_spider] INFO: [205f97b3-e640-4342-8219-0fa15500ce74] 正在处理子页面(深度1) (已处理20个页面): https://www.ucl.ac.uk/prospective-students/graduate/why-choose-ucl
2025-08-07 12:16:59 [program_spider] INFO: [205f97b3-e640-4342-8219-0fa15500ce74] 计数器变更: 4 -> 3, 操作: 完成页面解析
2025-08-07 12:17:03 [program_spider] INFO: [205f97b3-e640-4342-8219-0fa15500ce74] 正在处理子页面(深度1) (已处理21个页面): https://www.ucl.ac.uk/languages-international-education/preparation-courses
2025-08-07 12:17:03 [program_spider] INFO: [205f97b3-e640-4342-8219-0fa15500ce74] 计数器变更: 3 -> 2, 操作: 完成页面解析
2025-08-07 12:17:06 [program_spider] INFO: [205f97b3-e640-4342-8219-0fa15500ce74] 正在处理子页面(深度1) (已处理22个页面): https://www.ucl.ac.uk/prospective-students/graduate/taught-degrees?query=Information%20Studies,%20Li...
2025-08-07 12:17:06 [program_spider] INFO: [205f97b3-e640-4342-8219-0fa15500ce74] 计数器变更: 2 -> 1, 操作: 完成页面解析
2025-08-07 12:17:08 [program_spider] INFO: [205f97b3-e640-4342-8219-0fa15500ce74] 正在处理子页面(深度1) (已处理23个页面): https://www.ucl.ac.uk/prospective-students/graduate/english-language-requirements
2025-08-07 12:17:08 [program_spider] INFO: [205f97b3-e640-4342-8219-0fa15500ce74] 计数器变更: 1 -> 0, 操作: 完成页面解析
2025-08-07 12:17:09 [program_spider] INFO: [205f97b3-e640-4342-8219-0fa15500ce74] 正在完成项目
2025-08-07 12:17:09 [program_spider] INFO: 
------------------------------------------------------------
2025-08-07 12:17:09 [program_spider] INFO: [205f97b3-e640-4342-8219-0fa15500ce74] 项目完成: 伦敦大学学院档案与记录管理文学硕士
2025-08-07 12:17:09 [program_spider] INFO: [205f97b3-e640-4342-8219-0fa15500ce74]   - 总页数: 24
2025-08-07 12:17:09 [program_spider] INFO: [205f97b3-e640-4342-8219-0fa15500ce74]   - 成功页数: 24
2025-08-07 12:17:09 [program_spider] INFO: [205f97b3-e640-4342-8219-0fa15500ce74]   - 失败页数: 0
2025-08-07 12:17:09 [program_spider] INFO: [205f97b3-e640-4342-8219-0fa15500ce74]   - 成功率: 100.0%
2025-08-07 12:17:09 [program_spider] INFO: ------------------------------------------------------------
2025-08-07 12:17:09 [program_spider] INFO: 成功保存项目数据: output/信息系统/伦敦大学学院档案与记录管理文学硕士_信息系统.json
2025-08-07 12:17:09 [program_spider] INFO: [205f97b3-e640-4342-8219-0fa15500ce74] 仍有 91 个项目待爬，将在爬虫空闲时继续。
2025-08-07 12:17:09 [program_spider] INFO: spider_idle 触发，调度下一个项目 …
2025-08-07 12:17:09 [program_spider] INFO: 
================================================================================
2025-08-07 12:17:09 [program_spider] INFO: 开始爬取项目 [2/92]
2025-08-07 12:17:09 [program_spider] INFO: 项目名称: 伦敦大学学院图书馆与信息研究文学硕士
2025-08-07 12:17:09 [program_spider] INFO: 项目ID: bda314f0-52ac-48b2-995a-632f90239107
2025-08-07 12:17:09 [program_spider] INFO: 根URL: https://www.ucl.ac.uk/prospective-students/graduate/taught-degrees/library-and-information-studies-ma
2025-08-07 12:17:09 [program_spider] INFO: 剩余项目数: 90
2025-08-07 12:17:09 [program_spider] INFO: ================================================================================
2025-08-07 12:17:09 [program_spider] INFO: [bda314f0-52ac-48b2-995a-632f90239107] 计数器变更: 0 -> 1, 操作: 启动根页面请求
2025-08-07 12:17:10 [program_spider] INFO: [bda314f0-52ac-48b2-995a-632f90239107] 正在处理根页面 (已处理0个页面): https://www.ucl.ac.uk/prospective-students/graduate/taught-degrees/library-and-information-studies-m...
2025-08-07 12:17:10 [program_spider] INFO: [bda314f0-52ac-48b2-995a-632f90239107] 页面总链接数: 115
2025-08-07 12:17:10 [program_spider] INFO: [bda314f0-52ac-48b2-995a-632f90239107] 移除导航后链接数: 86 (移除了 0 个导航链接)
2025-08-07 12:17:10 [program_spider] INFO: [bda314f0-52ac-48b2-995a-632f90239107] 有效链接数: 74, 关键词匹配数: 24, 最终提取数: 24
2025-08-07 12:17:10 [program_spider] INFO: [bda314f0-52ac-48b2-995a-632f90239107] 页面 https://www.ucl.ac.uk/prospective-students/graduate/taught-degrees/library-and-information-studies-ma (depth=0, is_root=True) 提取到 24 个链接
2025-08-07 12:17:10 [program_spider] INFO: [bda314f0-52ac-48b2-995a-632f90239107] 爬取子链接: https://www.ucl.ac.uk/prospective-students/graduate/taught-degrees/library-and-information-studies-ma/2024 (锚文本: 'If you require details of the previous year's programme, Library and Information Studies MA (2024), click here', 匹配关键词: 'program')
2025-08-07 12:17:10 [program_spider] INFO: [bda314f0-52ac-48b2-995a-632f90239107] 爬取子链接: https://www.ucl.ac.uk/prospective-students/graduate/taught-degrees?query=Information Studies, Library Studies and Publishing&meta_ProgrammeDeadlineStatus=Open (锚文本: 'Find similar courses still open', 匹配关键词: 'course')
2025-08-07 12:17:10 [program_spider] INFO: [bda314f0-52ac-48b2-995a-632f90239107] 爬取子链接: https://www.ucl.ac.uk/languages-international-education/preparation-courses (锚文本: 'UCL Pre-Master's and Pre-sessional English courses', 匹配关键词: 'master')
2025-08-07 12:17:10 [program_spider] INFO: [bda314f0-52ac-48b2-995a-632f90239107] 爬取子链接: https://www.ucl.ac.uk/prospective-students/graduate/learning-and-living-ucl/international-students/english-language-requirements (锚文本: 'English language requirements', 匹配关键词: 'requirements')
2025-08-07 12:17:10 [program_spider] INFO: [bda314f0-52ac-48b2-995a-632f90239107] 爬取子链接: https://www.ucl.ac.uk/prospective-students/graduate/why-choose-ucl (锚文本: 'Read about what it takes to study for a Master's at UCL', 匹配关键词: 'master')
2025-08-07 12:17:10 [program_spider] INFO: [bda314f0-52ac-48b2-995a-632f90239107] 爬取子链接: https://www.ucl.ac.uk/prospective-students/graduate/why-choose-ucl/careers-and-employability (锚文本: 'Read about what you'll get out of a graduate programme', 匹配关键词: 'graduate')
2025-08-07 12:17:10 [program_spider] INFO: [bda314f0-52ac-48b2-995a-632f90239107] 爬取子链接: https://public.tableau.com/app/profile/katy.coyte4085/viz/WhatDoUCLGraduatesDo/WhatdoUCLgraduatesdo (锚文本: 'Graduate Outcomes Survey', 匹配关键词: 'graduate')
2025-08-07 12:17:10 [program_spider] INFO: [bda314f0-52ac-48b2-995a-632f90239107] 爬取子链接: https://www.ucl.ac.uk/module-catalogue/modules/dissertation-INST0062 (锚文本: 'Dissertation', 匹配关键词: 'dissertation')
2025-08-07 12:17:10 [program_spider] INFO: [bda314f0-52ac-48b2-995a-632f90239107] 爬取子链接: https://www.ucl.ac.uk/prospective-students/graduate/tuition-fees (锚文本: 'Tuition fees', 匹配关键词: 'tuition')
2025-08-07 12:17:10 [program_spider] INFO: [bda314f0-52ac-48b2-995a-632f90239107] 爬取子链接: https://www.ucl.ac.uk/scholarships (锚文本: 'Scholarships and Funding website', 匹配关键词: 'funding')
2025-08-07 12:17:10 [program_spider] INFO: [bda314f0-52ac-48b2-995a-632f90239107] 爬取子链接: https://www.ucl.ac.uk/prospective-students/graduate/application-fees (锚文本: 'Application fees', 匹配关键词: 'application')
2025-08-07 12:17:10 [program_spider] INFO: [bda314f0-52ac-48b2-995a-632f90239107] 爬取子链接: https://www.ucl.ac.uk/prospective-students/graduate/graduate-degrees (锚文本: 'Graduate degrees', 匹配关键词: 'graduate')
2025-08-07 12:17:10 [program_spider] INFO: [bda314f0-52ac-48b2-995a-632f90239107] 爬取子链接: https://www.ucl.ac.uk/prospective-students/graduate/taught-degrees/applying-graduate-taught-study-ucl (锚文本: 'Applying for Graduate Taught Study at UCL', 匹配关键词: 'graduate')
2025-08-07 12:17:10 [program_spider] INFO: [bda314f0-52ac-48b2-995a-632f90239107] 爬取子链接: https://www.ucl.ac.uk/prospective-students/graduate/research-degrees/funded-doctoral-training-programmes (锚文本: 'Funded Doctoral Training Programmes', 匹配关键词: 'program')
2025-08-07 12:17:10 [program_spider] INFO: [bda314f0-52ac-48b2-995a-632f90239107] 爬取子链接: https://www.ucl.ac.uk/prospective-students/graduate/research-degrees/applying-graduate-research-study-ucl (锚文本: 'Applying for Graduate Research Study at UCL', 匹配关键词: 'graduate')
2025-08-07 12:17:10 [program_spider] INFO: [bda314f0-52ac-48b2-995a-632f90239107] 爬取子链接: https://www.ucl.ac.uk/prospective-students/graduate/teacher-training/early-years-pgce-courses (锚文本: 'Early Years PGCE courses', 匹配关键词: 'course')
2025-08-07 12:17:10 [program_spider] INFO: [bda314f0-52ac-48b2-995a-632f90239107] 爬取子链接: https://www.ucl.ac.uk/prospective-students/graduate/teacher-training/primary-pgce-courses (锚文本: 'Primary PGCE courses', 匹配关键词: 'course')
2025-08-07 12:17:10 [program_spider] INFO: [bda314f0-52ac-48b2-995a-632f90239107] 爬取子链接: https://www.ucl.ac.uk/prospective-students/graduate/teacher-training/secondary-pgce-courses (锚文本: 'Secondary PGCE courses', 匹配关键词: 'course')
2025-08-07 12:17:10 [program_spider] INFO: [bda314f0-52ac-48b2-995a-632f90239107] 爬取子链接: https://www.ucl.ac.uk/prospective-students/graduate/teacher-training-programmes/further-education-pgce (锚文本: 'Further Education PGCE programme', 匹配关键词: 'program')
2025-08-07 12:17:10 [program_spider] INFO: [bda314f0-52ac-48b2-995a-632f90239107] 爬取子链接: https://www.ucl.ac.uk/prospective-students/graduate/teacher-training/entry-requirements (锚文本: 'Entry requirements', 匹配关键词: 'requirements')
2025-08-07 12:17:10 [program_spider] INFO: [bda314f0-52ac-48b2-995a-632f90239107] 爬取子链接: https://www.ucl.ac.uk/prospective-students/graduate/teacher-training/how-apply (锚文本: 'How to apply', 匹配关键词: 'apply')
2025-08-07 12:17:10 [program_spider] INFO: [bda314f0-52ac-48b2-995a-632f90239107] 爬取子链接: https://www.ucl.ac.uk/prospective-students/graduate/why-choose-ucl/postgraduate-students-association (锚文本: 'Postgraduate Students' Association', 匹配关键词: 'graduate')
2025-08-07 12:17:10 [program_spider] INFO: [bda314f0-52ac-48b2-995a-632f90239107] 爬取子链接: https://www.ucl.ac.uk/prospective-students/graduate/funding-your-masters (锚文本: 'Funding your Master's', 匹配关键词: 'master')
2025-08-07 12:17:10 [program_spider] INFO: [bda314f0-52ac-48b2-995a-632f90239107] 提取链接完成，去重前 24 个链接，去重后 23 个新请求（去重了 1 个重复链接）
2025-08-07 12:17:10 [program_spider] INFO: [bda314f0-52ac-48b2-995a-632f90239107] 计数器变更: 1 -> 24, 操作: 添加23个子页面请求
2025-08-07 12:17:10 [program_spider] INFO: [bda314f0-52ac-48b2-995a-632f90239107] 添加 23 个新请求，当前剩余: 23
2025-08-07 12:17:10 [program_spider] INFO: [bda314f0-52ac-48b2-995a-632f90239107] 计数器变更: 24 -> 23, 操作: 完成页面解析
2025-08-07 12:17:10 [program_spider] INFO: [bda314f0-52ac-48b2-995a-632f90239107] 正在处理子页面(深度1) (已处理1个页面): https://public.tableau.com/app/profile/katy.coyte4085/viz/WhatDoUCLGraduatesDo/WhatdoUCLgraduatesdo
2025-08-07 12:17:10 [program_spider] INFO: [bda314f0-52ac-48b2-995a-632f90239107] 计数器变更: 23 -> 22, 操作: 完成页面解析
2025-08-07 12:17:11 [program_spider] INFO: [bda314f0-52ac-48b2-995a-632f90239107] 正在处理子页面(深度1) (已处理2个页面): https://www.ucl.ac.uk/prospective-students/graduate/taught-degrees/library-and-information-studies-m...
2025-08-07 12:17:12 [program_spider] INFO: [bda314f0-52ac-48b2-995a-632f90239107] 计数器变更: 22 -> 21, 操作: 完成页面解析
2025-08-07 12:17:13 [program_spider] INFO: [bda314f0-52ac-48b2-995a-632f90239107] 正在处理子页面(深度1) (已处理3个页面): https://www.ucl.ac.uk/prospective-students/graduate/funding-your-masters
2025-08-07 12:17:13 [program_spider] INFO: [bda314f0-52ac-48b2-995a-632f90239107] 计数器变更: 21 -> 20, 操作: 完成页面解析
2025-08-07 12:17:15 [program_spider] INFO: [bda314f0-52ac-48b2-995a-632f90239107] 正在处理子页面(深度1) (已处理4个页面): https://www.ucl.ac.uk/prospective-students/graduate/why-choose-ucl/postgraduate-students-association
2025-08-07 12:17:15 [program_spider] INFO: [bda314f0-52ac-48b2-995a-632f90239107] 计数器变更: 20 -> 19, 操作: 完成页面解析
2025-08-07 12:17:17 [program_spider] INFO: [bda314f0-52ac-48b2-995a-632f90239107] 正在处理子页面(深度1) (已处理5个页面): https://www.ucl.ac.uk/prospective-students/graduate/teacher-training/how-apply
2025-08-07 12:17:17 [program_spider] INFO: [bda314f0-52ac-48b2-995a-632f90239107] 计数器变更: 19 -> 18, 操作: 完成页面解析
2025-08-07 12:17:20 [program_spider] INFO: [bda314f0-52ac-48b2-995a-632f90239107] 正在处理子页面(深度1) (已处理6个页面): https://www.ucl.ac.uk/prospective-students/graduate/teacher-training/entry-requirements
2025-08-07 12:17:20 [program_spider] INFO: [bda314f0-52ac-48b2-995a-632f90239107] 计数器变更: 18 -> 17, 操作: 完成页面解析
2025-08-07 12:17:20 [scrapy.extensions.logstats] INFO: Crawled 31 pages (at 31 pages/min), scraped 1 items (at 1 items/min)
2025-08-07 12:17:21 [program_spider] INFO: [bda314f0-52ac-48b2-995a-632f90239107] 正在处理子页面(深度1) (已处理7个页面): https://www.ucl.ac.uk/prospective-students/graduate/teacher-training-programmes/further-education-pg...
2025-08-07 12:17:21 [program_spider] INFO: [bda314f0-52ac-48b2-995a-632f90239107] 计数器变更: 17 -> 16, 操作: 完成页面解析
2025-08-07 12:17:23 [program_spider] INFO: [bda314f0-52ac-48b2-995a-632f90239107] 正在处理子页面(深度1) (已处理8个页面): https://www.ucl.ac.uk/prospective-students/graduate/teacher-training/secondary-pgce-courses
2025-08-07 12:17:23 [program_spider] INFO: [bda314f0-52ac-48b2-995a-632f90239107] 计数器变更: 16 -> 15, 操作: 完成页面解析
2025-08-07 12:17:25 [program_spider] INFO: [bda314f0-52ac-48b2-995a-632f90239107] 正在处理子页面(深度1) (已处理9个页面): https://www.ucl.ac.uk/prospective-students/graduate/teacher-training/primary-pgce-courses
2025-08-07 12:17:26 [program_spider] INFO: [bda314f0-52ac-48b2-995a-632f90239107] 计数器变更: 15 -> 14, 操作: 完成页面解析
2025-08-07 12:17:27 [program_spider] INFO: [bda314f0-52ac-48b2-995a-632f90239107] 正在处理子页面(深度1) (已处理10个页面): https://www.ucl.ac.uk/prospective-students/graduate/teacher-training/early-years-pgce-courses
2025-08-07 12:17:27 [program_spider] INFO: [bda314f0-52ac-48b2-995a-632f90239107] 计数器变更: 14 -> 13, 操作: 完成页面解析
2025-08-07 12:17:29 [program_spider] INFO: [bda314f0-52ac-48b2-995a-632f90239107] 正在处理子页面(深度1) (已处理11个页面): https://www.ucl.ac.uk/prospective-students/graduate/research-degrees/applying-graduate-research-stud...
2025-08-07 12:17:30 [program_spider] INFO: [bda314f0-52ac-48b2-995a-632f90239107] 计数器变更: 13 -> 12, 操作: 完成页面解析
2025-08-07 12:17:31 [program_spider] INFO: [bda314f0-52ac-48b2-995a-632f90239107] 正在处理子页面(深度1) (已处理12个页面): https://www.ucl.ac.uk/prospective-students/graduate/research-degrees/funded-doctoral-training-progra...
2025-08-07 12:17:31 [program_spider] INFO: [bda314f0-52ac-48b2-995a-632f90239107] 计数器变更: 12 -> 11, 操作: 完成页面解析
2025-08-07 12:17:33 [program_spider] INFO: [bda314f0-52ac-48b2-995a-632f90239107] 正在处理子页面(深度1) (已处理13个页面): https://www.ucl.ac.uk/prospective-students/graduate/taught-degrees/applying-graduate-taught-study-uc...
2025-08-07 12:17:34 [program_spider] INFO: [bda314f0-52ac-48b2-995a-632f90239107] 计数器变更: 11 -> 10, 操作: 完成页面解析
2025-08-07 12:17:35 [program_spider] INFO: [bda314f0-52ac-48b2-995a-632f90239107] 正在处理子页面(深度1) (已处理14个页面): https://www.ucl.ac.uk/prospective-students/graduate/graduate-degrees
2025-08-07 12:17:36 [program_spider] INFO: [bda314f0-52ac-48b2-995a-632f90239107] 计数器变更: 10 -> 9, 操作: 完成页面解析
2025-08-07 12:17:38 [program_spider] INFO: [bda314f0-52ac-48b2-995a-632f90239107] 正在处理子页面(深度1) (已处理15个页面): https://www.ucl.ac.uk/prospective-students/graduate/application-fees
2025-08-07 12:17:38 [program_spider] INFO: [bda314f0-52ac-48b2-995a-632f90239107] 计数器变更: 9 -> 8, 操作: 完成页面解析
2025-08-07 12:17:40 [program_spider] INFO: [bda314f0-52ac-48b2-995a-632f90239107] 正在处理子页面(深度1) (已处理16个页面): https://www.ucl.ac.uk/scholarships
2025-08-07 12:17:40 [program_spider] INFO: [bda314f0-52ac-48b2-995a-632f90239107] 计数器变更: 8 -> 7, 操作: 完成页面解析
2025-08-07 12:17:42 [program_spider] INFO: [bda314f0-52ac-48b2-995a-632f90239107] 正在处理子页面(深度1) (已处理17个页面): https://www.ucl.ac.uk/prospective-students/graduate/tuition-fees
2025-08-07 12:17:42 [program_spider] INFO: [bda314f0-52ac-48b2-995a-632f90239107] 计数器变更: 7 -> 6, 操作: 完成页面解析
2025-08-07 12:17:43 [program_spider] INFO: [bda314f0-52ac-48b2-995a-632f90239107] 正在处理子页面(深度1) (已处理18个页面): https://www.ucl.ac.uk/module-catalogue/modules/dissertation-INST0062
2025-08-07 12:17:44 [program_spider] INFO: [bda314f0-52ac-48b2-995a-632f90239107] 计数器变更: 6 -> 5, 操作: 完成页面解析
2025-08-07 12:17:45 [program_spider] INFO: [bda314f0-52ac-48b2-995a-632f90239107] 正在处理子页面(深度1) (已处理19个页面): https://www.ucl.ac.uk/prospective-students/graduate/why-choose-ucl/careers-and-employability
2025-08-07 12:17:45 [program_spider] INFO: [bda314f0-52ac-48b2-995a-632f90239107] 计数器变更: 5 -> 4, 操作: 完成页面解析
2025-08-07 12:17:48 [program_spider] INFO: [bda314f0-52ac-48b2-995a-632f90239107] 正在处理子页面(深度1) (已处理20个页面): https://www.ucl.ac.uk/prospective-students/graduate/why-choose-ucl
2025-08-07 12:17:48 [program_spider] INFO: [bda314f0-52ac-48b2-995a-632f90239107] 计数器变更: 4 -> 3, 操作: 完成页面解析
2025-08-07 12:17:52 [program_spider] INFO: [bda314f0-52ac-48b2-995a-632f90239107] 正在处理子页面(深度1) (已处理21个页面): https://www.ucl.ac.uk/languages-international-education/preparation-courses
2025-08-07 12:17:52 [program_spider] INFO: [bda314f0-52ac-48b2-995a-632f90239107] 计数器变更: 3 -> 2, 操作: 完成页面解析
2025-08-07 12:17:54 [program_spider] INFO: [bda314f0-52ac-48b2-995a-632f90239107] 正在处理子页面(深度1) (已处理22个页面): https://www.ucl.ac.uk/prospective-students/graduate/taught-degrees?query=Information%20Studies,%20Li...
2025-08-07 12:17:54 [program_spider] INFO: [bda314f0-52ac-48b2-995a-632f90239107] 计数器变更: 2 -> 1, 操作: 完成页面解析
2025-08-07 12:17:56 [program_spider] INFO: [bda314f0-52ac-48b2-995a-632f90239107] 正在处理子页面(深度1) (已处理23个页面): https://www.ucl.ac.uk/prospective-students/graduate/english-language-requirements
2025-08-07 12:17:56 [program_spider] INFO: [bda314f0-52ac-48b2-995a-632f90239107] 计数器变更: 1 -> 0, 操作: 完成页面解析
2025-08-07 12:17:57 [program_spider] INFO: [bda314f0-52ac-48b2-995a-632f90239107] 正在完成项目
2025-08-07 12:17:57 [program_spider] INFO: 
------------------------------------------------------------
2025-08-07 12:17:57 [program_spider] INFO: [bda314f0-52ac-48b2-995a-632f90239107] 项目完成: 伦敦大学学院图书馆与信息研究文学硕士
2025-08-07 12:17:57 [program_spider] INFO: [bda314f0-52ac-48b2-995a-632f90239107]   - 总页数: 24
2025-08-07 12:17:57 [program_spider] INFO: [bda314f0-52ac-48b2-995a-632f90239107]   - 成功页数: 24
2025-08-07 12:17:57 [program_spider] INFO: [bda314f0-52ac-48b2-995a-632f90239107]   - 失败页数: 0
2025-08-07 12:17:57 [program_spider] INFO: [bda314f0-52ac-48b2-995a-632f90239107]   - 成功率: 100.0%
2025-08-07 12:17:57 [program_spider] INFO: ------------------------------------------------------------
2025-08-07 12:17:57 [program_spider] INFO: 成功保存项目数据: output/信息系统/伦敦大学学院图书馆与信息研究文学硕士_信息系统.json
2025-08-07 12:17:57 [program_spider] INFO: [bda314f0-52ac-48b2-995a-632f90239107] 仍有 90 个项目待爬，将在爬虫空闲时继续。
2025-08-07 12:17:57 [program_spider] INFO: spider_idle 触发，调度下一个项目 …
2025-08-07 12:17:57 [program_spider] INFO: 
================================================================================
2025-08-07 12:17:57 [program_spider] INFO: 开始爬取项目 [3/92]
2025-08-07 12:17:57 [program_spider] INFO: 项目名称: 伦敦大学学院健康信息学理学硕士（伦敦大学学院-曼彻斯特大学联合开设）
2025-08-07 12:17:57 [program_spider] INFO: 项目ID: 9eeed9df-31ba-4df4-9d6f-fe442fb7a4b3
2025-08-07 12:17:57 [program_spider] INFO: 根URL: https://www.ucl.ac.uk/prospective-students/graduate/taught-degrees/health-informatics-msc
2025-08-07 12:17:57 [program_spider] INFO: 剩余项目数: 89
2025-08-07 12:17:57 [program_spider] INFO: ================================================================================
2025-08-07 12:17:57 [program_spider] INFO: [9eeed9df-31ba-4df4-9d6f-fe442fb7a4b3] 计数器变更: 0 -> 1, 操作: 启动根页面请求
2025-08-07 12:17:58 [program_spider] INFO: [9eeed9df-31ba-4df4-9d6f-fe442fb7a4b3] 正在处理根页面 (已处理0个页面): https://www.ucl.ac.uk/prospective-students/graduate/taught-degrees/health-informatics-msc
2025-08-07 12:17:58 [program_spider] INFO: [9eeed9df-31ba-4df4-9d6f-fe442fb7a4b3] 页面总链接数: 111
2025-08-07 12:17:58 [program_spider] INFO: [9eeed9df-31ba-4df4-9d6f-fe442fb7a4b3] 移除导航后链接数: 82 (移除了 0 个导航链接)
2025-08-07 12:17:58 [program_spider] INFO: [9eeed9df-31ba-4df4-9d6f-fe442fb7a4b3] 有效链接数: 68, 关键词匹配数: 23, 最终提取数: 23
2025-08-07 12:17:58 [program_spider] INFO: [9eeed9df-31ba-4df4-9d6f-fe442fb7a4b3] 页面 https://www.ucl.ac.uk/prospective-students/graduate/taught-degrees/health-informatics-msc (depth=0, is_root=True) 提取到 23 个链接
2025-08-07 12:17:58 [program_spider] INFO: [9eeed9df-31ba-4df4-9d6f-fe442fb7a4b3] 爬取子链接: https://www.ucl.ac.uk/prospective-students/graduate/taught-degrees/health-informatics-msc/2024 (锚文本: 'If you require details of the previous year's programme, Health Informatics MSc (2024), click here', 匹配关键词: 'program')
2025-08-07 12:17:58 [program_spider] INFO: [9eeed9df-31ba-4df4-9d6f-fe442fb7a4b3] 爬取子链接: https://www.ucl.ac.uk/languages-international-education/preparation-courses (锚文本: 'UCL Pre-Master's and Pre-sessional English courses', 匹配关键词: 'master')
2025-08-07 12:17:58 [program_spider] INFO: [9eeed9df-31ba-4df4-9d6f-fe442fb7a4b3] 爬取子链接: https://www.ucl.ac.uk/prospective-students/graduate/learning-and-living-ucl/international-students/english-language-requirements (锚文本: 'English language requirements', 匹配关键词: 'requirements')
2025-08-07 12:17:58 [program_spider] INFO: [9eeed9df-31ba-4df4-9d6f-fe442fb7a4b3] 爬取子链接: https://www.ucl.ac.uk/prospective-students/graduate/why-choose-ucl (锚文本: 'Read about what it takes to study for a Master's at UCL', 匹配关键词: 'master')
2025-08-07 12:17:58 [program_spider] INFO: [9eeed9df-31ba-4df4-9d6f-fe442fb7a4b3] 爬取子链接: https://www.ucl.ac.uk/prospective-students/graduate/why-choose-ucl/careers-and-employability (锚文本: 'Read about what you'll get out of a graduate programme', 匹配关键词: 'graduate')
2025-08-07 12:17:58 [program_spider] INFO: [9eeed9df-31ba-4df4-9d6f-fe442fb7a4b3] 爬取子链接: https://www.ucl.ac.uk/module-catalogue/modules/dissertation-in-health-informatics-CHME0023 (锚文本: 'Dissertation in Health Informatics', 匹配关键词: 'dissertation')
2025-08-07 12:17:58 [program_spider] INFO: [9eeed9df-31ba-4df4-9d6f-fe442fb7a4b3] 爬取子链接: https://www.ucl.ac.uk/prospective-students/graduate/tuition-fees (锚文本: 'Tuition fees', 匹配关键词: 'tuition')
2025-08-07 12:17:58 [program_spider] INFO: [9eeed9df-31ba-4df4-9d6f-fe442fb7a4b3] 爬取子链接: https://www.ucl.ac.uk/scholarships (锚文本: 'Scholarships and Funding website', 匹配关键词: 'funding')
2025-08-07 12:17:58 [program_spider] INFO: [9eeed9df-31ba-4df4-9d6f-fe442fb7a4b3] 爬取子链接: https://www.ucl.ac.uk/prospective-students/graduate/application-fees (锚文本: 'Application fees', 匹配关键词: 'application')
2025-08-07 12:17:58 [program_spider] INFO: [9eeed9df-31ba-4df4-9d6f-fe442fb7a4b3] 爬取子链接: https://www.ucl.ac.uk/prospective-students/graduate/apply (锚文本: 'Application Guidance', 匹配关键词: 'application')
2025-08-07 12:17:58 [program_spider] INFO: [9eeed9df-31ba-4df4-9d6f-fe442fb7a4b3] 爬取子链接: https://www.ucl.ac.uk/prospective-students/graduate/graduate-degrees (锚文本: 'Graduate degrees', 匹配关键词: 'graduate')
2025-08-07 12:17:58 [program_spider] INFO: [9eeed9df-31ba-4df4-9d6f-fe442fb7a4b3] 爬取子链接: https://www.ucl.ac.uk/prospective-students/graduate/taught-degrees/applying-graduate-taught-study-ucl (锚文本: 'Applying for Graduate Taught Study at UCL', 匹配关键词: 'graduate')
2025-08-07 12:17:58 [program_spider] INFO: [9eeed9df-31ba-4df4-9d6f-fe442fb7a4b3] 爬取子链接: https://www.ucl.ac.uk/prospective-students/graduate/research-degrees/funded-doctoral-training-programmes (锚文本: 'Funded Doctoral Training Programmes', 匹配关键词: 'program')
2025-08-07 12:17:58 [program_spider] INFO: [9eeed9df-31ba-4df4-9d6f-fe442fb7a4b3] 爬取子链接: https://www.ucl.ac.uk/prospective-students/graduate/research-degrees/applying-graduate-research-study-ucl (锚文本: 'Applying for Graduate Research Study at UCL', 匹配关键词: 'graduate')
2025-08-07 12:17:58 [program_spider] INFO: [9eeed9df-31ba-4df4-9d6f-fe442fb7a4b3] 爬取子链接: https://www.ucl.ac.uk/prospective-students/graduate/teacher-training/early-years-pgce-courses (锚文本: 'Early Years PGCE courses', 匹配关键词: 'course')
2025-08-07 12:17:58 [program_spider] INFO: [9eeed9df-31ba-4df4-9d6f-fe442fb7a4b3] 爬取子链接: https://www.ucl.ac.uk/prospective-students/graduate/teacher-training/primary-pgce-courses (锚文本: 'Primary PGCE courses', 匹配关键词: 'course')
2025-08-07 12:17:58 [program_spider] INFO: [9eeed9df-31ba-4df4-9d6f-fe442fb7a4b3] 爬取子链接: https://www.ucl.ac.uk/prospective-students/graduate/teacher-training/secondary-pgce-courses (锚文本: 'Secondary PGCE courses', 匹配关键词: 'course')
2025-08-07 12:17:58 [program_spider] INFO: [9eeed9df-31ba-4df4-9d6f-fe442fb7a4b3] 爬取子链接: https://www.ucl.ac.uk/prospective-students/graduate/teacher-training-programmes/further-education-pgce (锚文本: 'Further Education PGCE programme', 匹配关键词: 'program')
2025-08-07 12:17:58 [program_spider] INFO: [9eeed9df-31ba-4df4-9d6f-fe442fb7a4b3] 爬取子链接: https://www.ucl.ac.uk/prospective-students/graduate/teacher-training/entry-requirements (锚文本: 'Entry requirements', 匹配关键词: 'requirements')
2025-08-07 12:17:58 [program_spider] INFO: [9eeed9df-31ba-4df4-9d6f-fe442fb7a4b3] 爬取子链接: https://www.ucl.ac.uk/prospective-students/graduate/teacher-training/how-apply (锚文本: 'How to apply', 匹配关键词: 'apply')
2025-08-07 12:17:58 [program_spider] INFO: [9eeed9df-31ba-4df4-9d6f-fe442fb7a4b3] 爬取子链接: https://www.ucl.ac.uk/prospective-students/graduate/why-choose-ucl/postgraduate-students-association (锚文本: 'Postgraduate Students' Association', 匹配关键词: 'graduate')
2025-08-07 12:17:58 [program_spider] INFO: [9eeed9df-31ba-4df4-9d6f-fe442fb7a4b3] 爬取子链接: https://www.ucl.ac.uk/prospective-students/graduate/funding-your-masters (锚文本: 'Funding your Master's', 匹配关键词: 'master')
2025-08-07 12:17:58 [program_spider] INFO: [9eeed9df-31ba-4df4-9d6f-fe442fb7a4b3] 提取链接完成，去重前 23 个链接，去重后 22 个新请求（去重了 1 个重复链接）
2025-08-07 12:17:58 [program_spider] INFO: [9eeed9df-31ba-4df4-9d6f-fe442fb7a4b3] 计数器变更: 1 -> 23, 操作: 添加22个子页面请求
2025-08-07 12:17:58 [program_spider] INFO: [9eeed9df-31ba-4df4-9d6f-fe442fb7a4b3] 添加 22 个新请求，当前剩余: 22
2025-08-07 12:17:58 [program_spider] INFO: [9eeed9df-31ba-4df4-9d6f-fe442fb7a4b3] 计数器变更: 23 -> 22, 操作: 完成页面解析
2025-08-07 12:18:00 [program_spider] INFO: [9eeed9df-31ba-4df4-9d6f-fe442fb7a4b3] 正在处理子页面(深度1) (已处理1个页面): https://www.ucl.ac.uk/prospective-students/graduate/taught-degrees/health-informatics-msc/2024
2025-08-07 12:18:00 [program_spider] INFO: [9eeed9df-31ba-4df4-9d6f-fe442fb7a4b3] 计数器变更: 22 -> 21, 操作: 完成页面解析
2025-08-07 12:18:02 [program_spider] INFO: [9eeed9df-31ba-4df4-9d6f-fe442fb7a4b3] 正在处理子页面(深度1) (已处理2个页面): https://www.ucl.ac.uk/prospective-students/graduate/funding-your-masters
2025-08-07 12:18:02 [program_spider] INFO: [9eeed9df-31ba-4df4-9d6f-fe442fb7a4b3] 计数器变更: 21 -> 20, 操作: 完成页面解析
2025-08-07 12:18:04 [program_spider] INFO: [9eeed9df-31ba-4df4-9d6f-fe442fb7a4b3] 正在处理子页面(深度1) (已处理3个页面): https://www.ucl.ac.uk/prospective-students/graduate/why-choose-ucl/postgraduate-students-association
2025-08-07 12:18:04 [program_spider] INFO: [9eeed9df-31ba-4df4-9d6f-fe442fb7a4b3] 计数器变更: 20 -> 19, 操作: 完成页面解析
2025-08-07 12:18:06 [program_spider] INFO: [9eeed9df-31ba-4df4-9d6f-fe442fb7a4b3] 正在处理子页面(深度1) (已处理4个页面): https://www.ucl.ac.uk/prospective-students/graduate/teacher-training/how-apply
2025-08-07 12:18:06 [program_spider] INFO: [9eeed9df-31ba-4df4-9d6f-fe442fb7a4b3] 计数器变更: 19 -> 18, 操作: 完成页面解析
2025-08-07 12:18:08 [program_spider] INFO: [9eeed9df-31ba-4df4-9d6f-fe442fb7a4b3] 正在处理子页面(深度1) (已处理5个页面): https://www.ucl.ac.uk/prospective-students/graduate/teacher-training/entry-requirements
2025-08-07 12:18:08 [program_spider] INFO: [9eeed9df-31ba-4df4-9d6f-fe442fb7a4b3] 计数器变更: 18 -> 17, 操作: 完成页面解析
2025-08-07 12:18:10 [program_spider] INFO: [9eeed9df-31ba-4df4-9d6f-fe442fb7a4b3] 正在处理子页面(深度1) (已处理6个页面): https://www.ucl.ac.uk/prospective-students/graduate/teacher-training-programmes/further-education-pg...
2025-08-07 12:18:10 [program_spider] INFO: [9eeed9df-31ba-4df4-9d6f-fe442fb7a4b3] 计数器变更: 17 -> 16, 操作: 完成页面解析
2025-08-07 12:18:12 [program_spider] INFO: [9eeed9df-31ba-4df4-9d6f-fe442fb7a4b3] 正在处理子页面(深度1) (已处理7个页面): https://www.ucl.ac.uk/prospective-students/graduate/teacher-training/secondary-pgce-courses
2025-08-07 12:18:12 [program_spider] INFO: [9eeed9df-31ba-4df4-9d6f-fe442fb7a4b3] 计数器变更: 16 -> 15, 操作: 完成页面解析
2025-08-07 12:18:14 [program_spider] INFO: [9eeed9df-31ba-4df4-9d6f-fe442fb7a4b3] 正在处理子页面(深度1) (已处理8个页面): https://www.ucl.ac.uk/prospective-students/graduate/teacher-training/primary-pgce-courses
2025-08-07 12:18:14 [program_spider] INFO: [9eeed9df-31ba-4df4-9d6f-fe442fb7a4b3] 计数器变更: 15 -> 14, 操作: 完成页面解析
2025-08-07 12:18:16 [program_spider] INFO: [9eeed9df-31ba-4df4-9d6f-fe442fb7a4b3] 正在处理子页面(深度1) (已处理9个页面): https://www.ucl.ac.uk/prospective-students/graduate/teacher-training/early-years-pgce-courses
2025-08-07 12:18:16 [program_spider] INFO: [9eeed9df-31ba-4df4-9d6f-fe442fb7a4b3] 计数器变更: 14 -> 13, 操作: 完成页面解析
2025-08-07 12:18:18 [program_spider] INFO: [9eeed9df-31ba-4df4-9d6f-fe442fb7a4b3] 正在处理子页面(深度1) (已处理10个页面): https://www.ucl.ac.uk/prospective-students/graduate/research-degrees/applying-graduate-research-stud...
2025-08-07 12:18:18 [program_spider] INFO: [9eeed9df-31ba-4df4-9d6f-fe442fb7a4b3] 计数器变更: 13 -> 12, 操作: 完成页面解析
2025-08-07 12:18:20 [program_spider] INFO: [9eeed9df-31ba-4df4-9d6f-fe442fb7a4b3] 正在处理子页面(深度1) (已处理11个页面): https://www.ucl.ac.uk/prospective-students/graduate/research-degrees/funded-doctoral-training-progra...
2025-08-07 12:18:20 [program_spider] INFO: [9eeed9df-31ba-4df4-9d6f-fe442fb7a4b3] 计数器变更: 12 -> 11, 操作: 完成页面解析
2025-08-07 12:18:20 [scrapy.extensions.logstats] INFO: Crawled 60 pages (at 29 pages/min), scraped 2 items (at 1 items/min)
2025-08-07 12:18:22 [program_spider] INFO: [9eeed9df-31ba-4df4-9d6f-fe442fb7a4b3] 正在处理子页面(深度1) (已处理12个页面): https://www.ucl.ac.uk/prospective-students/graduate/taught-degrees/applying-graduate-taught-study-uc...
2025-08-07 12:18:22 [program_spider] INFO: [9eeed9df-31ba-4df4-9d6f-fe442fb7a4b3] 计数器变更: 11 -> 10, 操作: 完成页面解析
2025-08-07 12:18:24 [program_spider] INFO: [9eeed9df-31ba-4df4-9d6f-fe442fb7a4b3] 正在处理子页面(深度1) (已处理13个页面): https://www.ucl.ac.uk/prospective-students/graduate/graduate-degrees
2025-08-07 12:18:24 [program_spider] INFO: [9eeed9df-31ba-4df4-9d6f-fe442fb7a4b3] 计数器变更: 10 -> 9, 操作: 完成页面解析
2025-08-07 12:18:26 [program_spider] INFO: [9eeed9df-31ba-4df4-9d6f-fe442fb7a4b3] 正在处理子页面(深度1) (已处理14个页面): https://www.ucl.ac.uk/prospective-students/graduate/apply
2025-08-07 12:18:26 [program_spider] INFO: [9eeed9df-31ba-4df4-9d6f-fe442fb7a4b3] 计数器变更: 9 -> 8, 操作: 完成页面解析
2025-08-07 12:18:28 [program_spider] INFO: [9eeed9df-31ba-4df4-9d6f-fe442fb7a4b3] 正在处理子页面(深度1) (已处理15个页面): https://www.ucl.ac.uk/prospective-students/graduate/application-fees
2025-08-07 12:18:28 [program_spider] INFO: [9eeed9df-31ba-4df4-9d6f-fe442fb7a4b3] 计数器变更: 8 -> 7, 操作: 完成页面解析
2025-08-07 12:18:30 [program_spider] INFO: [9eeed9df-31ba-4df4-9d6f-fe442fb7a4b3] 正在处理子页面(深度1) (已处理16个页面): https://www.ucl.ac.uk/scholarships
2025-08-07 12:18:30 [program_spider] INFO: [9eeed9df-31ba-4df4-9d6f-fe442fb7a4b3] 计数器变更: 7 -> 6, 操作: 完成页面解析
2025-08-07 12:18:32 [program_spider] INFO: [9eeed9df-31ba-4df4-9d6f-fe442fb7a4b3] 正在处理子页面(深度1) (已处理17个页面): https://www.ucl.ac.uk/prospective-students/graduate/tuition-fees
2025-08-07 12:18:32 [program_spider] INFO: [9eeed9df-31ba-4df4-9d6f-fe442fb7a4b3] 计数器变更: 6 -> 5, 操作: 完成页面解析
2025-08-07 12:18:36 [program_spider] INFO: [9eeed9df-31ba-4df4-9d6f-fe442fb7a4b3] 正在处理子页面(深度1) (已处理18个页面): https://www.ucl.ac.uk/module-catalogue/modules/dissertation-in-health-informatics-CHME0023
2025-08-07 12:18:36 [program_spider] INFO: [9eeed9df-31ba-4df4-9d6f-fe442fb7a4b3] 计数器变更: 5 -> 4, 操作: 完成页面解析
2025-08-07 12:18:36 [program_spider] INFO: [9eeed9df-31ba-4df4-9d6f-fe442fb7a4b3] 正在处理子页面(深度1) (已处理19个页面): https://www.ucl.ac.uk/prospective-students/graduate/why-choose-ucl/careers-and-employability
2025-08-07 12:18:36 [program_spider] INFO: [9eeed9df-31ba-4df4-9d6f-fe442fb7a4b3] 计数器变更: 4 -> 3, 操作: 完成页面解析
2025-08-07 12:18:38 [program_spider] INFO: [9eeed9df-31ba-4df4-9d6f-fe442fb7a4b3] 正在处理子页面(深度1) (已处理20个页面): https://www.ucl.ac.uk/prospective-students/graduate/why-choose-ucl
2025-08-07 12:18:38 [program_spider] INFO: [9eeed9df-31ba-4df4-9d6f-fe442fb7a4b3] 计数器变更: 3 -> 2, 操作: 完成页面解析
2025-08-07 12:18:42 [program_spider] INFO: [9eeed9df-31ba-4df4-9d6f-fe442fb7a4b3] 正在处理子页面(深度1) (已处理21个页面): https://www.ucl.ac.uk/languages-international-education/preparation-courses
2025-08-07 12:18:42 [program_spider] INFO: [9eeed9df-31ba-4df4-9d6f-fe442fb7a4b3] 计数器变更: 2 -> 1, 操作: 完成页面解析
2025-08-07 12:18:44 [program_spider] INFO: [9eeed9df-31ba-4df4-9d6f-fe442fb7a4b3] 正在处理子页面(深度1) (已处理22个页面): https://www.ucl.ac.uk/prospective-students/graduate/english-language-requirements
2025-08-07 12:18:44 [program_spider] INFO: [9eeed9df-31ba-4df4-9d6f-fe442fb7a4b3] 计数器变更: 1 -> 0, 操作: 完成页面解析
2025-08-07 12:18:45 [program_spider] INFO: [9eeed9df-31ba-4df4-9d6f-fe442fb7a4b3] 正在完成项目
2025-08-07 12:18:45 [program_spider] INFO: 
------------------------------------------------------------
2025-08-07 12:18:45 [program_spider] INFO: [9eeed9df-31ba-4df4-9d6f-fe442fb7a4b3] 项目完成: 伦敦大学学院健康信息学理学硕士（伦敦大学学院-曼彻斯特大学联合开设）
2025-08-07 12:18:45 [program_spider] INFO: [9eeed9df-31ba-4df4-9d6f-fe442fb7a4b3]   - 总页数: 23
2025-08-07 12:18:45 [program_spider] INFO: [9eeed9df-31ba-4df4-9d6f-fe442fb7a4b3]   - 成功页数: 23
2025-08-07 12:18:45 [program_spider] INFO: [9eeed9df-31ba-4df4-9d6f-fe442fb7a4b3]   - 失败页数: 0
2025-08-07 12:18:45 [program_spider] INFO: [9eeed9df-31ba-4df4-9d6f-fe442fb7a4b3]   - 成功率: 100.0%
2025-08-07 12:18:45 [program_spider] INFO: ------------------------------------------------------------
2025-08-07 12:18:45 [program_spider] INFO: 成功保存项目数据: output/信息系统/伦敦大学学院健康信息学理学硕士伦敦大学学院_曼彻斯特大学联合开设_信息系统.json
2025-08-07 12:18:45 [program_spider] INFO: [9eeed9df-31ba-4df4-9d6f-fe442fb7a4b3] 仍有 89 个项目待爬，将在爬虫空闲时继续。
2025-08-07 12:18:45 [program_spider] INFO: spider_idle 触发，调度下一个项目 …
2025-08-07 12:18:45 [program_spider] INFO: 
================================================================================
2025-08-07 12:18:45 [program_spider] INFO: 开始爬取项目 [4/92]
2025-08-07 12:18:45 [program_spider] INFO: 项目名称: 香港大学图书馆与信息管理理学硕士（图书馆学）
2025-08-07 12:18:45 [program_spider] INFO: 项目ID: bd041276-9579-43c6-89c5-34a7b188a100
2025-08-07 12:18:45 [program_spider] INFO: 根URL: https://portal.hku.hk/tpg-admissions/programme-details?programme=master-of-science-in-library-and-information-management-edu
2025-08-07 12:18:45 [program_spider] INFO: 剩余项目数: 88
2025-08-07 12:18:45 [program_spider] INFO: ================================================================================
2025-08-07 12:18:45 [program_spider] INFO: [bd041276-9579-43c6-89c5-34a7b188a100] 计数器变更: 0 -> 1, 操作: 启动根页面请求
2025-08-07 12:18:52 [program_spider] INFO: [bd041276-9579-43c6-89c5-34a7b188a100] 正在处理根页面 (已处理0个页面): https://portal.hku.hk/tpg-admissions/programme-details?programme=master-of-science-in-library-and-in...
2025-08-07 12:18:52 [program_spider] INFO: [bd041276-9579-43c6-89c5-34a7b188a100] 页面总链接数: 89
2025-08-07 12:18:52 [program_spider] INFO: [bd041276-9579-43c6-89c5-34a7b188a100] 移除导航后链接数: 23 (移除了 0 个导航链接)
2025-08-07 12:18:52 [program_spider] INFO: [bd041276-9579-43c6-89c5-34a7b188a100] 有效链接数: 9, 关键词匹配数: 5, 最终提取数: 5
2025-08-07 12:18:52 [program_spider] INFO: [bd041276-9579-43c6-89c5-34a7b188a100] 页面 https://portal.hku.hk/tpg-admissions/programme-details?programme=master-of-science-in-library-and-information-management-edu (depth=0, is_root=True) 提取到 5 个链接
2025-08-07 12:18:52 [program_spider] INFO: [bd041276-9579-43c6-89c5-34a7b188a100] 爬取子链接: https://web.edu.hku.hk/programme/mlim (锚文本: 'Programme Website', 匹配关键词: 'program')
2025-08-07 12:18:52 [program_spider] INFO: [bd041276-9579-43c6-89c5-34a7b188a100] 爬取子链接: https://portal.hku.hk/tpg-admissions/programme-details?programme=master-of-science-in-technology,-design-and-leadership-for-learning-edu (锚文本: 'Faculty of Education
                                        

                                            Master of Science in Technology, Design and Leadership for Learning
                                        

MSc(TDLL)
Full-time & Part-time', 匹配关键词: 'master')
2025-08-07 12:18:52 [program_spider] INFO: [bd041276-9579-43c6-89c5-34a7b188a100] 爬取子链接: https://portal.hku.hk/tpg-admissions/programme-details?programme=postgraduate-diploma-in-education-edu (锚文本: 'Faculty of Education
                                        

                                            Postgraduate Diploma in Education
                                        

PGDE
Full-time & Part-time', 匹配关键词: 'graduate')
2025-08-07 12:18:52 [program_spider] INFO: [bd041276-9579-43c6-89c5-34a7b188a100] 爬取子链接: https://portal.hku.hk/tpg-admissions/programme-details?programme=postgraduate-diploma-in-education-(teaching-chinese-as-a-second-language)-edu (锚文本: 'Faculty of Education
                                        

                                            Postgraduate Diploma in Education (Teaching Chinese as a Second Language)
                                        

PGDE(TCSL)
Full-time', 匹配关键词: 'graduate')
2025-08-07 12:18:52 [program_spider] INFO: [bd041276-9579-43c6-89c5-34a7b188a100] 提取链接完成，去重前 5 个链接，去重后 4 个新请求（去重了 1 个重复链接）
2025-08-07 12:18:52 [program_spider] INFO: [bd041276-9579-43c6-89c5-34a7b188a100] 计数器变更: 1 -> 5, 操作: 添加4个子页面请求
2025-08-07 12:18:52 [program_spider] INFO: [bd041276-9579-43c6-89c5-34a7b188a100] 添加 4 个新请求，当前剩余: 4
2025-08-07 12:18:52 [program_spider] INFO: [bd041276-9579-43c6-89c5-34a7b188a100] 计数器变更: 5 -> 4, 操作: 完成页面解析
2025-08-07 12:18:54 [program_spider] INFO: [bd041276-9579-43c6-89c5-34a7b188a100] 正在处理子页面(深度1) (已处理1个页面): https://web.edu.hku.hk/programme/mlim
2025-08-07 12:18:54 [program_spider] INFO: [bd041276-9579-43c6-89c5-34a7b188a100] 计数器变更: 4 -> 3, 操作: 完成页面解析
2025-08-07 12:18:57 [program_spider] INFO: [bd041276-9579-43c6-89c5-34a7b188a100] 正在处理子页面(深度1) (已处理2个页面): https://portal.hku.hk/tpg-admissions/programme-details?programme=postgraduate-diploma-in-education-(...
2025-08-07 12:18:57 [program_spider] INFO: [bd041276-9579-43c6-89c5-34a7b188a100] 计数器变更: 3 -> 2, 操作: 完成页面解析
2025-08-07 12:19:03 [program_spider] INFO: [bd041276-9579-43c6-89c5-34a7b188a100] 正在处理子页面(深度1) (已处理3个页面): https://portal.hku.hk/tpg-admissions/programme-details?programme=postgraduate-diploma-in-education-e...
2025-08-07 12:19:04 [program_spider] INFO: [bd041276-9579-43c6-89c5-34a7b188a100] 计数器变更: 2 -> 1, 操作: 完成页面解析
2025-08-07 12:19:04 [program_spider] INFO: [bd041276-9579-43c6-89c5-34a7b188a100] 正在处理子页面(深度1) (已处理4个页面): https://portal.hku.hk/tpg-admissions/programme-details?programme=master-of-science-in-technology,-de...
2025-08-07 12:19:05 [program_spider] INFO: [bd041276-9579-43c6-89c5-34a7b188a100] 计数器变更: 1 -> 0, 操作: 完成页面解析
2025-08-07 12:19:06 [program_spider] INFO: [bd041276-9579-43c6-89c5-34a7b188a100] 正在完成项目
2025-08-07 12:19:06 [program_spider] INFO: 
------------------------------------------------------------
2025-08-07 12:19:06 [program_spider] INFO: [bd041276-9579-43c6-89c5-34a7b188a100] 项目完成: 香港大学图书馆与信息管理理学硕士（图书馆学）
2025-08-07 12:19:06 [program_spider] INFO: [bd041276-9579-43c6-89c5-34a7b188a100]   - 总页数: 5
2025-08-07 12:19:06 [program_spider] INFO: [bd041276-9579-43c6-89c5-34a7b188a100]   - 成功页数: 5
2025-08-07 12:19:06 [program_spider] INFO: [bd041276-9579-43c6-89c5-34a7b188a100]   - 失败页数: 0
2025-08-07 12:19:06 [program_spider] INFO: [bd041276-9579-43c6-89c5-34a7b188a100]   - 成功率: 100.0%
2025-08-07 12:19:06 [program_spider] INFO: ------------------------------------------------------------
2025-08-07 12:19:06 [program_spider] INFO: 成功保存项目数据: output/信息系统/香港大学图书馆与信息管理理学硕士图书馆学_信息系统.json
2025-08-07 12:19:06 [program_spider] INFO: [bd041276-9579-43c6-89c5-34a7b188a100] 仍有 88 个项目待爬，将在爬虫空闲时继续。
2025-08-07 12:19:06 [program_spider] INFO: spider_idle 触发，调度下一个项目 …
2025-08-07 12:19:06 [program_spider] INFO: 
================================================================================
2025-08-07 12:19:06 [program_spider] INFO: 开始爬取项目 [5/92]
2025-08-07 12:19:06 [program_spider] INFO: 项目名称: 香港大学图书馆与信息管理理学硕士（知识管理）
2025-08-07 12:19:06 [program_spider] INFO: 项目ID: c7e2572b-b5f4-48d2-9d62-e0b19f5120f8
2025-08-07 12:19:06 [program_spider] INFO: 根URL: https://portal.hku.hk/tpg-admissions/programme-details?programme=master-of-science-in-library-and-information-management-edu
2025-08-07 12:19:06 [program_spider] INFO: 剩余项目数: 87
2025-08-07 12:19:06 [program_spider] INFO: ================================================================================
2025-08-07 12:19:06 [program_spider] INFO: [c7e2572b-b5f4-48d2-9d62-e0b19f5120f8] 计数器变更: 0 -> 1, 操作: 启动根页面请求
2025-08-07 12:19:11 [program_spider] INFO: [c7e2572b-b5f4-48d2-9d62-e0b19f5120f8] 正在处理根页面 (已处理0个页面): https://portal.hku.hk/tpg-admissions/programme-details?programme=master-of-science-in-library-and-in...
2025-08-07 12:19:12 [program_spider] INFO: [c7e2572b-b5f4-48d2-9d62-e0b19f5120f8] 页面总链接数: 89
2025-08-07 12:19:12 [program_spider] INFO: [c7e2572b-b5f4-48d2-9d62-e0b19f5120f8] 移除导航后链接数: 23 (移除了 0 个导航链接)
2025-08-07 12:19:12 [program_spider] INFO: [c7e2572b-b5f4-48d2-9d62-e0b19f5120f8] 有效链接数: 9, 关键词匹配数: 5, 最终提取数: 5
2025-08-07 12:19:12 [program_spider] INFO: [c7e2572b-b5f4-48d2-9d62-e0b19f5120f8] 页面 https://portal.hku.hk/tpg-admissions/programme-details?programme=master-of-science-in-library-and-information-management-edu (depth=0, is_root=True) 提取到 5 个链接
2025-08-07 12:19:12 [program_spider] INFO: [c7e2572b-b5f4-48d2-9d62-e0b19f5120f8] 爬取子链接: https://web.edu.hku.hk/programme/mlim (锚文本: 'Programme Website', 匹配关键词: 'program')
2025-08-07 12:19:12 [program_spider] INFO: [c7e2572b-b5f4-48d2-9d62-e0b19f5120f8] 爬取子链接: https://portal.hku.hk/tpg-admissions/programme-details?programme=master-of-science-in-technology,-design-and-leadership-for-learning-edu (锚文本: 'Faculty of Education
                                        

                                            Master of Science in Technology, Design and Leadership for Learning
                                        

MSc(TDLL)
Full-time & Part-time', 匹配关键词: 'master')
2025-08-07 12:19:12 [program_spider] INFO: [c7e2572b-b5f4-48d2-9d62-e0b19f5120f8] 爬取子链接: https://portal.hku.hk/tpg-admissions/programme-details?programme=postgraduate-diploma-in-education-edu (锚文本: 'Faculty of Education
                                        

                                            Postgraduate Diploma in Education
                                        

PGDE
Full-time & Part-time', 匹配关键词: 'graduate')
2025-08-07 12:19:12 [program_spider] INFO: [c7e2572b-b5f4-48d2-9d62-e0b19f5120f8] 爬取子链接: https://portal.hku.hk/tpg-admissions/programme-details?programme=postgraduate-diploma-in-education-(teaching-chinese-as-a-second-language)-edu (锚文本: 'Faculty of Education
                                        

                                            Postgraduate Diploma in Education (Teaching Chinese as a Second Language)
                                        

PGDE(TCSL)
Full-time', 匹配关键词: 'graduate')
2025-08-07 12:19:12 [program_spider] INFO: [c7e2572b-b5f4-48d2-9d62-e0b19f5120f8] 提取链接完成，去重前 5 个链接，去重后 4 个新请求（去重了 1 个重复链接）
2025-08-07 12:19:12 [program_spider] INFO: [c7e2572b-b5f4-48d2-9d62-e0b19f5120f8] 计数器变更: 1 -> 5, 操作: 添加4个子页面请求
2025-08-07 12:19:12 [program_spider] INFO: [c7e2572b-b5f4-48d2-9d62-e0b19f5120f8] 添加 4 个新请求，当前剩余: 4
2025-08-07 12:19:12 [program_spider] INFO: [c7e2572b-b5f4-48d2-9d62-e0b19f5120f8] 计数器变更: 5 -> 4, 操作: 完成页面解析
2025-08-07 12:19:13 [program_spider] INFO: [c7e2572b-b5f4-48d2-9d62-e0b19f5120f8] 正在处理子页面(深度1) (已处理1个页面): https://web.edu.hku.hk/programme/mlim
2025-08-07 12:19:13 [program_spider] INFO: [c7e2572b-b5f4-48d2-9d62-e0b19f5120f8] 计数器变更: 4 -> 3, 操作: 完成页面解析
2025-08-07 12:19:16 [program_spider] INFO: [c7e2572b-b5f4-48d2-9d62-e0b19f5120f8] 正在处理子页面(深度1) (已处理2个页面): https://portal.hku.hk/tpg-admissions/programme-details?programme=postgraduate-diploma-in-education-(...
2025-08-07 12:19:16 [program_spider] INFO: [c7e2572b-b5f4-48d2-9d62-e0b19f5120f8] 计数器变更: 3 -> 2, 操作: 完成页面解析
2025-08-07 12:19:20 [program_spider] INFO: [c7e2572b-b5f4-48d2-9d62-e0b19f5120f8] 正在处理子页面(深度1) (已处理3个页面): https://portal.hku.hk/tpg-admissions/programme-details?programme=postgraduate-diploma-in-education-e...
2025-08-07 12:19:20 [program_spider] INFO: [c7e2572b-b5f4-48d2-9d62-e0b19f5120f8] 计数器变更: 2 -> 1, 操作: 完成页面解析
2025-08-07 12:19:20 [scrapy.extensions.logstats] INFO: Crawled 80 pages (at 20 pages/min), scraped 4 items (at 2 items/min)
2025-08-07 12:19:22 [program_spider] INFO: [c7e2572b-b5f4-48d2-9d62-e0b19f5120f8] 正在处理子页面(深度1) (已处理4个页面): https://portal.hku.hk/tpg-admissions/programme-details?programme=master-of-science-in-technology,-de...
2025-08-07 12:19:22 [program_spider] INFO: [c7e2572b-b5f4-48d2-9d62-e0b19f5120f8] 计数器变更: 1 -> 0, 操作: 完成页面解析
2025-08-07 12:19:23 [program_spider] INFO: [c7e2572b-b5f4-48d2-9d62-e0b19f5120f8] 正在完成项目
2025-08-07 12:19:23 [program_spider] INFO: 
------------------------------------------------------------
2025-08-07 12:19:23 [program_spider] INFO: [c7e2572b-b5f4-48d2-9d62-e0b19f5120f8] 项目完成: 香港大学图书馆与信息管理理学硕士（知识管理）
2025-08-07 12:19:23 [program_spider] INFO: [c7e2572b-b5f4-48d2-9d62-e0b19f5120f8]   - 总页数: 5
2025-08-07 12:19:23 [program_spider] INFO: [c7e2572b-b5f4-48d2-9d62-e0b19f5120f8]   - 成功页数: 5
2025-08-07 12:19:23 [program_spider] INFO: [c7e2572b-b5f4-48d2-9d62-e0b19f5120f8]   - 失败页数: 0
2025-08-07 12:19:23 [program_spider] INFO: [c7e2572b-b5f4-48d2-9d62-e0b19f5120f8]   - 成功率: 100.0%
2025-08-07 12:19:23 [program_spider] INFO: ------------------------------------------------------------
2025-08-07 12:19:23 [program_spider] INFO: 成功保存项目数据: output/信息系统/香港大学图书馆与信息管理理学硕士知识管理_信息系统.json
2025-08-07 12:19:23 [program_spider] INFO: [c7e2572b-b5f4-48d2-9d62-e0b19f5120f8] 仍有 87 个项目待爬，将在爬虫空闲时继续。
2025-08-07 12:19:23 [program_spider] INFO: spider_idle 触发，调度下一个项目 …
2025-08-07 12:19:23 [program_spider] INFO: 
================================================================================
2025-08-07 12:19:23 [program_spider] INFO: 开始爬取项目 [6/92]
2025-08-07 12:19:23 [program_spider] INFO: 项目名称: 香港大学图书馆与信息管理理学硕士（信息管理）
2025-08-07 12:19:23 [program_spider] INFO: 项目ID: 2929d789-4676-4eba-b083-3a653a4b2a4b
2025-08-07 12:19:23 [program_spider] INFO: 根URL: https://portal.hku.hk/tpg-admissions/programme-details?programme=master-of-science-in-library-and-information-management-edu
2025-08-07 12:19:23 [program_spider] INFO: 剩余项目数: 86
2025-08-07 12:19:23 [program_spider] INFO: ================================================================================
2025-08-07 12:19:23 [program_spider] INFO: [2929d789-4676-4eba-b083-3a653a4b2a4b] 计数器变更: 0 -> 1, 操作: 启动根页面请求
2025-08-07 12:19:31 [program_spider] INFO: [2929d789-4676-4eba-b083-3a653a4b2a4b] 正在处理根页面 (已处理0个页面): https://portal.hku.hk/tpg-admissions/programme-details?programme=master-of-science-in-library-and-in...
2025-08-07 12:19:31 [program_spider] INFO: [2929d789-4676-4eba-b083-3a653a4b2a4b] 页面总链接数: 89
2025-08-07 12:19:31 [program_spider] INFO: [2929d789-4676-4eba-b083-3a653a4b2a4b] 移除导航后链接数: 23 (移除了 0 个导航链接)
2025-08-07 12:19:31 [program_spider] INFO: [2929d789-4676-4eba-b083-3a653a4b2a4b] 有效链接数: 9, 关键词匹配数: 5, 最终提取数: 5
2025-08-07 12:19:31 [program_spider] INFO: [2929d789-4676-4eba-b083-3a653a4b2a4b] 页面 https://portal.hku.hk/tpg-admissions/programme-details?programme=master-of-science-in-library-and-information-management-edu (depth=0, is_root=True) 提取到 5 个链接
2025-08-07 12:19:31 [program_spider] INFO: [2929d789-4676-4eba-b083-3a653a4b2a4b] 爬取子链接: https://web.edu.hku.hk/programme/mlim (锚文本: 'Programme Website', 匹配关键词: 'program')
2025-08-07 12:19:31 [program_spider] INFO: [2929d789-4676-4eba-b083-3a653a4b2a4b] 爬取子链接: https://portal.hku.hk/tpg-admissions/programme-details?programme=master-of-science-in-technology,-design-and-leadership-for-learning-edu (锚文本: 'Faculty of Education
                                        

                                            Master of Science in Technology, Design and Leadership for Learning
                                        

MSc(TDLL)
Full-time & Part-time', 匹配关键词: 'master')
2025-08-07 12:19:31 [program_spider] INFO: [2929d789-4676-4eba-b083-3a653a4b2a4b] 爬取子链接: https://portal.hku.hk/tpg-admissions/programme-details?programme=postgraduate-diploma-in-education-edu (锚文本: 'Faculty of Education
                                        

                                            Postgraduate Diploma in Education
                                        

PGDE
Full-time & Part-time', 匹配关键词: 'graduate')
2025-08-07 12:19:31 [program_spider] INFO: [2929d789-4676-4eba-b083-3a653a4b2a4b] 爬取子链接: https://portal.hku.hk/tpg-admissions/programme-details?programme=postgraduate-diploma-in-education-(teaching-chinese-as-a-second-language)-edu (锚文本: 'Faculty of Education
                                        

                                            Postgraduate Diploma in Education (Teaching Chinese as a Second Language)
                                        

PGDE(TCSL)
Full-time', 匹配关键词: 'graduate')
2025-08-07 12:19:31 [program_spider] INFO: [2929d789-4676-4eba-b083-3a653a4b2a4b] 提取链接完成，去重前 5 个链接，去重后 4 个新请求（去重了 1 个重复链接）
2025-08-07 12:19:31 [program_spider] INFO: [2929d789-4676-4eba-b083-3a653a4b2a4b] 计数器变更: 1 -> 5, 操作: 添加4个子页面请求
2025-08-07 12:19:31 [program_spider] INFO: [2929d789-4676-4eba-b083-3a653a4b2a4b] 添加 4 个新请求，当前剩余: 4
2025-08-07 12:19:31 [program_spider] INFO: [2929d789-4676-4eba-b083-3a653a4b2a4b] 计数器变更: 5 -> 4, 操作: 完成页面解析
2025-08-07 12:19:32 [program_spider] INFO: [2929d789-4676-4eba-b083-3a653a4b2a4b] 正在处理子页面(深度1) (已处理1个页面): https://web.edu.hku.hk/programme/mlim
2025-08-07 12:19:32 [program_spider] INFO: [2929d789-4676-4eba-b083-3a653a4b2a4b] 计数器变更: 4 -> 3, 操作: 完成页面解析
2025-08-07 12:19:36 [program_spider] INFO: [2929d789-4676-4eba-b083-3a653a4b2a4b] 正在处理子页面(深度1) (已处理2个页面): https://portal.hku.hk/tpg-admissions/programme-details?programme=postgraduate-diploma-in-education-(...
2025-08-07 12:19:36 [program_spider] INFO: [2929d789-4676-4eba-b083-3a653a4b2a4b] 计数器变更: 3 -> 2, 操作: 完成页面解析
2025-08-07 12:19:39 [scrapy.crawler] INFO: Received SIGINT, shutting down gracefully. Send again to force 
2025-08-07 12:19:39 [scrapy.core.engine] INFO: Closing spider (shutdown)
2025-08-07 12:19:39 [scrapy.crawler] INFO: Received SIGINT twice, forcing unclean shutdown
